{"/Users/lcharvol/Documents/Projets/redTetris/src/client/index.js": {"path":"/Users/lcharvol/Documents/Projets/redTetris/src/client/index.js","statementMap":{"0":{"start":{"line":1,"column":0},"end":{"line":null,"column":-1}},"1":{"start":{"line":2,"column":0},"end":{"line":null,"column":-1}},"2":{"start":{"line":3,"column":0},"end":{"line":null,"column":-1}},"3":{"start":{"line":4,"column":0},"end":{"line":null,"column":-1}},"4":{"start":{"line":5,"column":0},"end":{"line":null,"column":-1}},"5":{"start":{"line":7,"column":0},"end":{"line":null,"column":-1}},"6":{"start":{"line":8,"column":0},"end":{"line":null,"column":-1}},"7":{"start":{"line":9,"column":0},"end":{"line":null,"column":-1}},"8":{"start":{"line":16,"column":0},"end":{"line":null,"column":-1}},"9":{"start":{"line":18,"column":21},"end":{"line":18,"column":0}},"10":{"start":{"line":19,"column":14},"end":{"line":19,"column":0}},"11":{"start":{"line":21,"column":12},"end":{"line":21,"column":0}},"12":{"start":{"line":22,"column":11},"end":{"line":22,"column":0}},"13":{"start":{"line":24,"column":16},"end":{"line":24,"column":0}},"14":{"start":{"line":27,"column":17},"end":{"line":27,"column":0}},"15":{"start":{"line":28,"column":13},"end":{"line":28,"column":0}},"16":{"start":{"line":30,"column":0},"end":{"line":null,"column":-1}},"17":{"start":{"line":31,"column":19},"end":{"line":30,"column":24}},"18":{"start":{"line":32,"column":2},"end":{"line":32,"column":31}},"19":{"start":{"line":32,"column":31},"end":{"line":null,"column":-1}},"20":{"start":{"line":33,"column":2},"end":{"line":33,"column":36}},"21":{"start":{"line":33,"column":36},"end":{"line":null,"column":-1}},"22":{"start":{"line":34,"column":2},"end":{"line":34,"column":33}},"23":{"start":{"line":34,"column":33},"end":{"line":null,"column":-1}},"24":{"start":{"line":37,"column":0},"end":{"line":null,"column":-1}},"25":{"start":{"line":38,"column":28},"end":{"line":37,"column":27}},"26":{"start":{"line":39,"column":2},"end":{"line":null,"column":-1}},"27":{"start":{"line":42,"column":0},"end":{"line":null,"column":-1}},"28":{"start":{"line":44,"column":0},"end":{"line":null,"column":-1}},"29":{"start":{"line":46,"column":13},"end":{"line":46,"column":7}},"30":{"start":{"line":46,"column":20},"end":{"line":null,"column":-1}},"31":{"start":{"line":52,"column":0},"end":{"line":null,"column":-1}}},"fnMap":{"0":{"name":"(anonymous_1)","decl":{"start":{"line":30,"column":16},"end":{"line":30,"column":23}},"loc":{"start":{"line":30,"column":24},"end":{"line":30,"column":0}}},"1":{"name":"(anonymous_2)","decl":{"start":{"line":37,"column":19},"end":{"line":37,"column":26}},"loc":{"start":{"line":37,"column":27},"end":{"line":37,"column":0}}},"2":{"name":"Root","decl":{"start":{"line":46,"column":13},"end":{"line":46,"column":20}},"loc":{"start":{"line":46,"column":20},"end":{"line":46,"column":7}}}},"branchMap":{"0":{"loc":{"start":{"line":32,"column":2},"end":{"line":32,"column":31}},"type":"if","locations":[{"start":{"line":32,"column":2},"end":{"line":32,"column":31}},{"start":{"line":32,"column":2},"end":{"line":32,"column":31}}]},"1":{"loc":{"start":{"line":33,"column":2},"end":{"line":33,"column":36}},"type":"if","locations":[{"start":{"line":33,"column":2},"end":{"line":33,"column":36}},{"start":{"line":33,"column":2},"end":{"line":33,"column":36}}]},"2":{"loc":{"start":{"line":34,"column":2},"end":{"line":34,"column":33}},"type":"if","locations":[{"start":{"line":34,"column":2},"end":{"line":34,"column":33}},{"start":{"line":34,"column":2},"end":{"line":34,"column":33}}]}},"s":{"0":0,"1":0,"2":0,"3":0,"4":0,"5":0,"6":0,"7":0,"8":0,"9":0,"10":0,"11":0,"12":0,"13":0,"14":0,"15":0,"16":0,"17":0,"18":0,"19":0,"20":0,"21":0,"22":0,"23":0,"24":0,"25":0,"26":0,"27":0,"28":0,"29":0,"30":0,"31":0},"f":{"0":0,"1":0,"2":0},"b":{"0":[0,0],"1":[0,0],"2":[0,0]}}
,"/Users/lcharvol/Documents/Projets/redTetris/src/client/store.js": {"path":"/Users/lcharvol/Documents/Projets/redTetris/src/client/store.js","statementMap":{"0":{"start":{"line":1,"column":0},"end":{"line":null,"column":-1}},"1":{"start":{"line":2,"column":0},"end":{"line":null,"column":-1}},"2":{"start":{"line":3,"column":0},"end":{"line":null,"column":-1}},"3":{"start":{"line":4,"column":0},"end":{"line":null,"column":-1}},"4":{"start":{"line":6,"column":0},"end":{"line":null,"column":-1}},"5":{"start":{"line":8,"column":15},"end":{"line":8,"column":0}},"6":{"start":{"line":18,"column":25},"end":{"line":18,"column":0}},"7":{"start":{"line":20,"column":17},"end":{"line":20,"column":0}},"8":{"start":{"line":27,"column":23},"end":{"line":27,"column":0}},"9":{"start":{"line":27,"column":23},"end":{"line":null,"column":-1}}},"fnMap":{"0":{"name":"configureStore","decl":{"start":{"line":27,"column":6},"end":{"line":27,"column":23}},"loc":{"start":{"line":27,"column":23},"end":{"line":27,"column":0}}}},"branchMap":{},"s":{"0":0,"1":0,"2":0,"3":0,"4":0,"5":0,"6":0,"7":0,"8":0,"9":0},"f":{"0":0},"b":{}}
,"/Users/lcharvol/Documents/Projets/redTetris/src/client/utils.js": {"path":"/Users/lcharvol/Documents/Projets/redTetris/src/client/utils.js","statementMap":{"0":{"start":{"line":11,"column":31},"end":{"line":11,"column":91}},"1":{"start":{"line":11,"column":46},"end":{"line":11,"column":91}},"2":{"start":{"line":13,"column":28},"end":{"line":13,"column":92}},"3":{"start":{"line":13,"column":34},"end":{"line":13,"column":92}},"4":{"start":{"line":15,"column":27},"end":{"line":20,"column":1}},"5":{"start":{"line":16,"column":18},"end":{"line":16,"column":49}},"6":{"start":{"line":17,"column":4},"end":{"line":18,"column":25}},"7":{"start":{"line":18,"column":8},"end":{"line":18,"column":25}},"8":{"start":{"line":19,"column":4},"end":{"line":19,"column":41}},"9":{"start":{"line":22,"column":23},"end":{"line":28,"column":1}},"10":{"start":{"line":23,"column":18},"end":{"line":23,"column":39}},"11":{"start":{"line":25,"column":4},"end":{"line":26,"column":25}},"12":{"start":{"line":26,"column":8},"end":{"line":26,"column":25}},"13":{"start":{"line":27,"column":4},"end":{"line":27,"column":41}},"14":{"start":{"line":30,"column":32},"end":{"line":30,"column":57}},"15":{"start":{"line":30,"column":43},"end":{"line":30,"column":57}}},"fnMap":{"0":{"name":"(anonymous_0)","decl":{"start":{"line":11,"column":31},"end":{"line":11,"column":32}},"loc":{"start":{"line":11,"column":46},"end":{"line":11,"column":91}},"line":11},"1":{"name":"(anonymous_1)","decl":{"start":{"line":13,"column":28},"end":{"line":13,"column":29}},"loc":{"start":{"line":13,"column":34},"end":{"line":13,"column":92}},"line":13},"2":{"name":"(anonymous_2)","decl":{"start":{"line":15,"column":27},"end":{"line":15,"column":28}},"loc":{"start":{"line":15,"column":34},"end":{"line":20,"column":1}},"line":15},"3":{"name":"(anonymous_3)","decl":{"start":{"line":22,"column":23},"end":{"line":22,"column":24}},"loc":{"start":{"line":22,"column":30},"end":{"line":28,"column":1}},"line":22},"4":{"name":"(anonymous_4)","decl":{"start":{"line":30,"column":32},"end":{"line":30,"column":33}},"loc":{"start":{"line":30,"column":43},"end":{"line":30,"column":57}},"line":30}},"branchMap":{"0":{"loc":{"start":{"line":17,"column":4},"end":{"line":18,"column":25}},"type":"if","locations":[{"start":{"line":17,"column":4},"end":{"line":18,"column":25}},{"start":{"line":17,"column":4},"end":{"line":18,"column":25}}],"line":17},"1":{"loc":{"start":{"line":25,"column":4},"end":{"line":26,"column":25}},"type":"if","locations":[{"start":{"line":25,"column":4},"end":{"line":26,"column":25}},{"start":{"line":25,"column":4},"end":{"line":26,"column":25}}],"line":25}},"s":{"0":1,"1":5,"2":1,"3":1,"4":1,"5":2,"6":2,"7":1,"8":1,"9":1,"10":2,"11":2,"12":1,"13":1,"14":1,"15":1},"f":{"0":5,"1":1,"2":2,"3":2,"4":1},"b":{"0":[1,1],"1":[1,1]},"_coverageSchema":"332fd63041d2c1bcb487cc26dd0d5f7d97098a6c","hash":"288d384f7f4a2ae79647d22884aca56230393e46"}
,"/Users/lcharvol/Documents/Projets/redTetris/src/client/actions/game.js": {"path":"/Users/lcharvol/Documents/Projets/redTetris/src/client/actions/game.js","statementMap":{"0":{"start":{"line":1,"column":13},"end":{"line":1,"column":7}},"1":{"start":{"line":3,"column":13},"end":{"line":3,"column":7}},"2":{"start":{"line":5,"column":13},"end":{"line":5,"column":7}},"3":{"start":{"line":7,"column":13},"end":{"line":7,"column":7}},"4":{"start":{"line":9,"column":13},"end":{"line":9,"column":7}},"5":{"start":{"line":12,"column":13},"end":{"line":12,"column":7}},"6":{"start":{"line":12,"column":31},"end":{"line":null,"column":-1}},"7":{"start":{"line":12,"column":42},"end":{"line":null,"column":-1}},"8":{"start":{"line":14,"column":13},"end":{"line":14,"column":7}},"9":{"start":{"line":14,"column":34},"end":{"line":null,"column":-1}},"10":{"start":{"line":14,"column":45},"end":{"line":null,"column":-1}},"11":{"start":{"line":16,"column":13},"end":{"line":16,"column":7}},"12":{"start":{"line":16,"column":30},"end":{"line":null,"column":-1}},"13":{"start":{"line":16,"column":38},"end":{"line":null,"column":-1}},"14":{"start":{"line":18,"column":13},"end":{"line":18,"column":7}},"15":{"start":{"line":18,"column":27},"end":{"line":null,"column":-1}},"16":{"start":{"line":18,"column":33},"end":{"line":null,"column":-1}},"17":{"start":{"line":20,"column":13},"end":{"line":20,"column":7}},"18":{"start":{"line":20,"column":31},"end":{"line":null,"column":-1}},"19":{"start":{"line":20,"column":42},"end":{"line":null,"column":-1}}},"fnMap":{"0":{"name":"setModalMessage","decl":{"start":{"line":12,"column":13},"end":{"line":12,"column":31}},"loc":{"start":{"line":12,"column":31},"end":{"line":12,"column":7}}},"1":{"name":"(anonymous_1)","decl":{"start":{"line":12,"column":42},"end":{"line":null,"column":-1}},"loc":{"start":{"line":12,"column":42},"end":{"line":12,"column":31}}},"2":{"name":"deleteModalMessage","decl":{"start":{"line":14,"column":13},"end":{"line":14,"column":34}},"loc":{"start":{"line":14,"column":34},"end":{"line":14,"column":7}}},"3":{"name":"(anonymous_3)","decl":{"start":{"line":14,"column":45},"end":{"line":null,"column":-1}},"loc":{"start":{"line":14,"column":45},"end":{"line":14,"column":34}}},"4":{"name":"updateGameInfo","decl":{"start":{"line":16,"column":13},"end":{"line":16,"column":30}},"loc":{"start":{"line":16,"column":30},"end":{"line":16,"column":7}}},"5":{"name":"(anonymous_5)","decl":{"start":{"line":16,"column":38},"end":{"line":null,"column":-1}},"loc":{"start":{"line":16,"column":38},"end":{"line":16,"column":30}}},"6":{"name":"removeToast","decl":{"start":{"line":18,"column":13},"end":{"line":18,"column":27}},"loc":{"start":{"line":18,"column":27},"end":{"line":18,"column":7}}},"7":{"name":"(anonymous_7)","decl":{"start":{"line":18,"column":33},"end":{"line":null,"column":-1}},"loc":{"start":{"line":18,"column":33},"end":{"line":18,"column":27}}},"8":{"name":"setErrorMessage","decl":{"start":{"line":20,"column":13},"end":{"line":20,"column":31}},"loc":{"start":{"line":20,"column":31},"end":{"line":20,"column":7}}},"9":{"name":"(anonymous_9)","decl":{"start":{"line":20,"column":42},"end":{"line":null,"column":-1}},"loc":{"start":{"line":20,"column":42},"end":{"line":20,"column":31}}}},"branchMap":{},"s":{"0":0,"1":0,"2":0,"3":0,"4":0,"5":0,"6":0,"7":0,"8":0,"9":0,"10":0,"11":0,"12":0,"13":0,"14":0,"15":0,"16":0,"17":0,"18":0,"19":0},"f":{"0":0,"1":0,"2":0,"3":0,"4":0,"5":0,"6":0,"7":0,"8":0,"9":0},"b":{}}
,"/Users/lcharvol/Documents/Projets/redTetris/src/client/actions/move.js": {"path":"/Users/lcharvol/Documents/Projets/redTetris/src/client/actions/move.js","statementMap":{"0":{"start":{"line":1,"column":0},"end":{"line":null,"column":-1}},"1":{"start":{"line":3,"column":13},"end":{"line":3,"column":7}},"2":{"start":{"line":3,"column":20},"end":{"line":null,"column":-1}},"3":{"start":{"line":4,"column":20},"end":{"line":3,"column":63}},"4":{"start":{"line":6,"column":4},"end":{"line":7,"column":8}},"5":{"start":{"line":7,"column":8},"end":{"line":null,"column":-1}},"6":{"start":{"line":8,"column":4},"end":{"line":9,"column":8}},"7":{"start":{"line":9,"column":8},"end":{"line":null,"column":-1}},"8":{"start":{"line":10,"column":4},"end":{"line":11,"column":8}},"9":{"start":{"line":11,"column":8},"end":{"line":null,"column":-1}},"10":{"start":{"line":12,"column":4},"end":{"line":13,"column":8}},"11":{"start":{"line":13,"column":8},"end":{"line":null,"column":-1}},"12":{"start":{"line":16,"column":13},"end":{"line":16,"column":7}},"13":{"start":{"line":16,"column":25},"end":{"line":null,"column":-1}},"14":{"start":{"line":16,"column":31},"end":{"line":null,"column":-1}}},"fnMap":{"0":{"name":"move","decl":{"start":{"line":3,"column":13},"end":{"line":3,"column":20}},"loc":{"start":{"line":3,"column":20},"end":{"line":3,"column":7}}},"1":{"name":"(anonymous_1)","decl":{"start":{"line":3,"column":49},"end":{"line":3,"column":49}},"loc":{"start":{"line":3,"column":63},"end":{"line":3,"column":20}}},"2":{"name":"moveCycle","decl":{"start":{"line":16,"column":13},"end":{"line":16,"column":25}},"loc":{"start":{"line":16,"column":25},"end":{"line":16,"column":7}}},"3":{"name":"(anonymous_3)","decl":{"start":{"line":16,"column":31},"end":{"line":null,"column":-1}},"loc":{"start":{"line":16,"column":31},"end":{"line":16,"column":25}}}},"branchMap":{"0":{"loc":{"start":{"line":6,"column":4},"end":{"line":7,"column":8}},"type":"if","locations":[{"start":{"line":6,"column":4},"end":{"line":7,"column":8}},{"start":{"line":6,"column":4},"end":{"line":7,"column":8}}]},"1":{"loc":{"start":{"line":8,"column":4},"end":{"line":9,"column":8}},"type":"if","locations":[{"start":{"line":8,"column":4},"end":{"line":9,"column":8}},{"start":{"line":8,"column":4},"end":{"line":9,"column":8}}]},"2":{"loc":{"start":{"line":10,"column":4},"end":{"line":11,"column":8}},"type":"if","locations":[{"start":{"line":10,"column":4},"end":{"line":11,"column":8}},{"start":{"line":10,"column":4},"end":{"line":11,"column":8}}]},"3":{"loc":{"start":{"line":12,"column":4},"end":{"line":13,"column":8}},"type":"if","locations":[{"start":{"line":12,"column":4},"end":{"line":13,"column":8}},{"start":{"line":12,"column":4},"end":{"line":13,"column":8}}]}},"s":{"0":0,"1":0,"2":0,"3":0,"4":0,"5":0,"6":0,"7":0,"8":0,"9":0,"10":0,"11":0,"12":0,"13":0,"14":0},"f":{"0":0,"1":0,"2":0,"3":0},"b":{"0":[0,0],"1":[0,0],"2":[0,0],"3":[0,0]}}
,"/Users/lcharvol/Documents/Projets/redTetris/src/client/components/Button/index.js": {"path":"/Users/lcharvol/Documents/Projets/redTetris/src/client/components/Button/index.js","statementMap":{"0":{"start":{"line":1,"column":0},"end":{"line":null,"column":-1}},"1":{"start":{"line":3,"column":0},"end":{"line":null,"column":-1}},"2":{"start":{"line":5,"column":15},"end":{"line":5,"column":0}},"3":{"start":{"line":5,"column":15},"end":{"line":null,"column":-1}}},"fnMap":{"0":{"name":"Button","decl":{"start":{"line":5,"column":6},"end":{"line":5,"column":15}},"loc":{"start":{"line":5,"column":15},"end":{"line":5,"column":0}}}},"branchMap":{},"s":{"0":0,"1":0,"2":0,"3":0},"f":{"0":0},"b":{}}
,"/Users/lcharvol/Documents/Projets/redTetris/src/client/components/Button/styles.js": {"path":"/Users/lcharvol/Documents/Projets/redTetris/src/client/components/Button/styles.js","statementMap":{"0":{"start":{"line":1,"column":0},"end":{"line":null,"column":-1}},"1":{"start":{"line":2,"column":0},"end":{"line":null,"column":-1}},"2":{"start":{"line":4,"column":13},"end":{"line":4,"column":7}}},"fnMap":{},"branchMap":{},"s":{"0":0,"1":0,"2":0},"f":{},"b":{}}
,"/Users/lcharvol/Documents/Projets/redTetris/src/client/components/Cell/index.js": {"path":"/Users/lcharvol/Documents/Projets/redTetris/src/client/components/Cell/index.js","statementMap":{"0":{"start":{"line":5,"column":13},"end":{"line":10,"column":1}},"1":{"start":{"line":6,"column":4},"end":{"line":9,"column":6}}},"fnMap":{"0":{"name":"(anonymous_0)","decl":{"start":{"line":5,"column":13},"end":{"line":5,"column":14}},"loc":{"start":{"line":6,"column":4},"end":{"line":9,"column":6}},"line":6}},"branchMap":{},"s":{"0":1,"1":1},"f":{"0":1},"b":{},"_coverageSchema":"332fd63041d2c1bcb487cc26dd0d5f7d97098a6c","hash":"fa8114b283970571c41d360304ea4c43618092ab"}
,"/Users/lcharvol/Documents/Projets/redTetris/src/client/components/Cell/styles.js": {"path":"/Users/lcharvol/Documents/Projets/redTetris/src/client/components/Cell/styles.js","statementMap":{"0":{"start":{"line":11,"column":25},"end":{"line":19,"column":1}},"1":{"start":{"line":16,"column":38},"end":{"line":16,"column":43}}},"fnMap":{"0":{"name":"(anonymous_0)","decl":{"start":{"line":16,"column":23},"end":{"line":16,"column":24}},"loc":{"start":{"line":16,"column":38},"end":{"line":16,"column":43}},"line":16}},"branchMap":{},"s":{"0":1,"1":0},"f":{"0":0},"b":{},"_coverageSchema":"332fd63041d2c1bcb487cc26dd0d5f7d97098a6c","hash":"1516d985714abb82d0819ceb309187cea1dae91a"}
,"/Users/lcharvol/Documents/Projets/redTetris/src/client/components/ErrorModal/index.js": {"path":"/Users/lcharvol/Documents/Projets/redTetris/src/client/components/ErrorModal/index.js","statementMap":{"0":{"start":{"line":1,"column":0},"end":{"line":null,"column":-1}},"1":{"start":{"line":2,"column":0},"end":{"line":null,"column":-1}},"2":{"start":{"line":4,"column":0},"end":{"line":null,"column":-1}},"3":{"start":{"line":6,"column":18},"end":{"line":6,"column":0}},"4":{"start":{"line":10,"column":19},"end":{"line":10,"column":0}},"5":{"start":{"line":10,"column":19},"end":{"line":10,"column":18}},"6":{"start":{"line":10,"column":19},"end":{"line":null,"column":-1}},"7":{"start":{"line":16,"column":0},"end":{"line":null,"column":-1}}},"fnMap":{"0":{"name":"ErrorModal","decl":{"start":{"line":10,"column":6},"end":{"line":10,"column":19}},"loc":{"start":{"line":10,"column":19},"end":{"line":10,"column":0}}}},"branchMap":{},"s":{"0":0,"1":0,"2":0,"3":0,"4":0,"5":0,"6":0,"7":0},"f":{"0":0},"b":{}}
,"/Users/lcharvol/Documents/Projets/redTetris/src/client/components/ErrorModal/styles.js": {"path":"/Users/lcharvol/Documents/Projets/redTetris/src/client/components/ErrorModal/styles.js","statementMap":{"0":{"start":{"line":1,"column":0},"end":{"line":null,"column":-1}},"1":{"start":{"line":3,"column":13},"end":{"line":3,"column":7}}},"fnMap":{},"branchMap":{},"s":{"0":0,"1":0},"f":{},"b":{}}
,"/Users/lcharvol/Documents/Projets/redTetris/src/client/components/GameModal/index.js": {"path":"/Users/lcharvol/Documents/Projets/redTetris/src/client/components/GameModal/index.js","statementMap":{"0":{"start":{"line":1,"column":0},"end":{"line":null,"column":-1}},"1":{"start":{"line":2,"column":0},"end":{"line":null,"column":-1}},"2":{"start":{"line":4,"column":0},"end":{"line":null,"column":-1}},"3":{"start":{"line":8,"column":18},"end":{"line":8,"column":0}},"4":{"start":{"line":8,"column":18},"end":{"line":8,"column":17}},"5":{"start":{"line":8,"column":18},"end":{"line":null,"column":-1}}},"fnMap":{"0":{"name":"GameModal","decl":{"start":{"line":8,"column":6},"end":{"line":8,"column":18}},"loc":{"start":{"line":8,"column":18},"end":{"line":8,"column":0}}}},"branchMap":{"0":{"loc":{"start":{"line":8,"column":29},"end":{"line":8,"column":18}},"type":"cond-expr","locations":[{"start":{"line":8,"column":29},"end":{"line":8,"column":18}},{"start":{"line":8,"column":18},"end":{"line":null,"column":-1}}]}},"s":{"0":0,"1":0,"2":0,"3":0,"4":0,"5":0},"f":{"0":0},"b":{"0":[0,0]}}
,"/Users/lcharvol/Documents/Projets/redTetris/src/client/components/GameModal/styles.js": {"path":"/Users/lcharvol/Documents/Projets/redTetris/src/client/components/GameModal/styles.js","statementMap":{"0":{"start":{"line":1,"column":0},"end":{"line":null,"column":-1}},"1":{"start":{"line":3,"column":13},"end":{"line":3,"column":7}}},"fnMap":{},"branchMap":{},"s":{"0":0,"1":0},"f":{},"b":{}}
,"/Users/lcharvol/Documents/Projets/redTetris/src/client/components/StartButton/index.js": {"path":"/Users/lcharvol/Documents/Projets/redTetris/src/client/components/StartButton/index.js","statementMap":{"0":{"start":{"line":1,"column":0},"end":{"line":null,"column":-1}},"1":{"start":{"line":2,"column":0},"end":{"line":null,"column":-1}},"2":{"start":{"line":9,"column":0},"end":{"line":null,"column":-1}},"3":{"start":{"line":11,"column":0},"end":{"line":null,"column":-1}},"4":{"start":{"line":16,"column":18},"end":{"line":16,"column":0}},"5":{"start":{"line":25,"column":20},"end":{"line":25,"column":0}},"6":{"start":{"line":25,"column":20},"end":{"line":25,"column":19}},"7":{"start":{"line":25,"column":20},"end":{"line":null,"column":-1}},"8":{"start":{"line":36,"column":12},"end":{"line":39,"column":13}},"9":{"start":{"line":37,"column":16},"end":{"line":null,"column":-1}},"10":{"start":{"line":38,"column":16},"end":{"line":null,"column":-1}},"11":{"start":{"line":48,"column":0},"end":{"line":null,"column":-1}},"12":{"start":{"line":52,"column":8},"end":{"line":52,"column":7}},"13":{"start":{"line":52,"column":8},"end":{"line":null,"column":-1}},"14":{"start":{"line":56,"column":33},"end":{"line":null,"column":-1}},"15":{"start":{"line":56,"column":39},"end":{"line":null,"column":-1}}},"fnMap":{"0":{"name":"StartButton","decl":{"start":{"line":25,"column":6},"end":{"line":25,"column":20}},"loc":{"start":{"line":25,"column":20},"end":{"line":25,"column":0}}},"1":{"name":"onClick","decl":{"start":{"line":35,"column":17},"end":{"line":35,"column":22}},"loc":{"start":{"line":35,"column":23},"end":{"line":34,"column":4}}},"2":{"name":"(anonymous_3)","decl":{"start":{"line":52,"column":8},"end":{"line":null,"column":-1}},"loc":{"start":{"line":52,"column":8},"end":{"line":51,"column":4}}},"3":{"name":"handleChangeOpacity","decl":{"start":{"line":56,"column":33},"end":{"line":null,"column":-1}},"loc":{"start":{"line":56,"column":33},"end":{"line":null,"column":-1}}},"4":{"name":"(anonymous_5)","decl":{"start":{"line":56,"column":39},"end":{"line":56,"column":39}},"loc":{"start":{"line":56,"column":39},"end":{"line":56,"column":33}}}},"branchMap":{"0":{"loc":{"start":{"line":36,"column":12},"end":{"line":39,"column":13}},"type":"if","locations":[{"start":{"line":36,"column":12},"end":{"line":39,"column":13}},{"start":{"line":36,"column":12},"end":{"line":39,"column":13}}]},"1":{"loc":{"start":{"line":52,"column":28},"end":{"line":52,"column":8}},"type":"cond-expr","locations":[{"start":{"line":52,"column":28},"end":{"line":52,"column":8}},{"start":{"line":52,"column":8},"end":{"line":null,"column":-1}}]}},"s":{"0":0,"1":0,"2":0,"3":0,"4":0,"5":0,"6":0,"7":0,"8":0,"9":0,"10":0,"11":0,"12":0,"13":0,"14":0,"15":0},"f":{"0":0,"1":0,"2":0,"3":0,"4":0},"b":{"0":[0,0],"1":[0,0]}}
,"/Users/lcharvol/Documents/Projets/redTetris/src/client/components/StartButton/styles.js": {"path":"/Users/lcharvol/Documents/Projets/redTetris/src/client/components/StartButton/styles.js","statementMap":{"0":{"start":{"line":1,"column":0},"end":{"line":null,"column":-1}},"1":{"start":{"line":3,"column":0},"end":{"line":null,"column":-1}},"2":{"start":{"line":5,"column":13},"end":{"line":5,"column":7}},"3":{"start":{"line":11,"column":14},"end":{"line":11,"column":13}},"4":{"start":{"line":11,"column":14},"end":{"line":null,"column":-1}},"5":{"start":{"line":15,"column":13},"end":{"line":15,"column":7}}},"fnMap":{"0":{"name":"(anonymous_1)","decl":{"start":{"line":11,"column":14},"end":{"line":null,"column":-1}},"loc":{"start":{"line":11,"column":14},"end":{"line":5,"column":13}}}},"branchMap":{"0":{"loc":{"start":{"line":11,"column":53},"end":{"line":11,"column":37}},"type":"cond-expr","locations":[{"start":{"line":11,"column":53},"end":{"line":11,"column":37}},{"start":{"line":11,"column":57},"end":{"line":11,"column":14}}]}},"s":{"0":0,"1":0,"2":0,"3":0,"4":0,"5":0},"f":{"0":0},"b":{"0":[0,0]}}
,"/Users/lcharvol/Documents/Projets/redTetris/src/client/components/Title/index.js": {"path":"/Users/lcharvol/Documents/Projets/redTetris/src/client/components/Title/index.js","statementMap":{"0":{"start":{"line":1,"column":0},"end":{"line":null,"column":-1}},"1":{"start":{"line":2,"column":0},"end":{"line":null,"column":-1}},"2":{"start":{"line":4,"column":0},"end":{"line":null,"column":-1}},"3":{"start":{"line":10,"column":18},"end":{"line":10,"column":0}},"4":{"start":{"line":15,"column":14},"end":{"line":15,"column":0}},"5":{"start":{"line":15,"column":14},"end":{"line":15,"column":13}},"6":{"start":{"line":15,"column":14},"end":{"line":null,"column":-1}},"7":{"start":{"line":22,"column":0},"end":{"line":null,"column":-1}}},"fnMap":{"0":{"name":"Title","decl":{"start":{"line":15,"column":6},"end":{"line":15,"column":14}},"loc":{"start":{"line":15,"column":14},"end":{"line":15,"column":0}}}},"branchMap":{},"s":{"0":0,"1":0,"2":0,"3":0,"4":0,"5":0,"6":0,"7":0},"f":{"0":0},"b":{}}
,"/Users/lcharvol/Documents/Projets/redTetris/src/client/components/Title/styles.js": {"path":"/Users/lcharvol/Documents/Projets/redTetris/src/client/components/Title/styles.js","statementMap":{"0":{"start":{"line":1,"column":0},"end":{"line":null,"column":-1}},"1":{"start":{"line":3,"column":0},"end":{"line":null,"column":-1}},"2":{"start":{"line":5,"column":13},"end":{"line":5,"column":7}},"3":{"start":{"line":17,"column":13},"end":{"line":17,"column":7}},"4":{"start":{"line":22,"column":13},"end":{"line":22,"column":7}}},"fnMap":{},"branchMap":{},"s":{"0":0,"1":0,"2":0,"3":0,"4":0},"f":{},"b":{}}
,"/Users/lcharvol/Documents/Projets/redTetris/src/client/components/Toast/index.js": {"path":"/Users/lcharvol/Documents/Projets/redTetris/src/client/components/Toast/index.js","statementMap":{"0":{"start":{"line":1,"column":0},"end":{"line":null,"column":-1}},"1":{"start":{"line":2,"column":0},"end":{"line":null,"column":-1}},"2":{"start":{"line":4,"column":0},"end":{"line":null,"column":-1}},"3":{"start":{"line":6,"column":14},"end":{"line":6,"column":0}},"4":{"start":{"line":6,"column":14},"end":{"line":6,"column":13}},"5":{"start":{"line":6,"column":14},"end":{"line":null,"column":-1}}},"fnMap":{"0":{"name":"Toast","decl":{"start":{"line":6,"column":6},"end":{"line":6,"column":14}},"loc":{"start":{"line":6,"column":14},"end":{"line":6,"column":0}}}},"branchMap":{},"s":{"0":0,"1":0,"2":0,"3":0,"4":0,"5":0},"f":{"0":0},"b":{}}
,"/Users/lcharvol/Documents/Projets/redTetris/src/client/components/Toast/styles.js": {"path":"/Users/lcharvol/Documents/Projets/redTetris/src/client/components/Toast/styles.js","statementMap":{"0":{"start":{"line":1,"column":0},"end":{"line":null,"column":-1}},"1":{"start":{"line":3,"column":13},"end":{"line":3,"column":7}}},"fnMap":{},"branchMap":{},"s":{"0":0,"1":0},"f":{},"b":{}}
,"/Users/lcharvol/Documents/Projets/redTetris/src/client/constants/board.js": {"path":"/Users/lcharvol/Documents/Projets/redTetris/src/client/constants/board.js","statementMap":{"0":{"start":{"line":5,"column":27},"end":{"line":5,"column":29}},"1":{"start":{"line":7,"column":28},"end":{"line":7,"column":30}},"2":{"start":{"line":9,"column":28},"end":{"line":9,"column":54}},"3":{"start":{"line":11,"column":29},"end":{"line":15,"column":20}},"4":{"start":{"line":11,"column":40},"end":{"line":15,"column":3}}},"fnMap":{"0":{"name":"(anonymous_0)","decl":{"start":{"line":11,"column":33},"end":{"line":11,"column":34}},"loc":{"start":{"line":11,"column":40},"end":{"line":15,"column":3}},"line":11}},"branchMap":{},"s":{"0":1,"1":1,"2":1,"3":1,"4":200},"f":{"0":200},"b":{},"_coverageSchema":"332fd63041d2c1bcb487cc26dd0d5f7d97098a6c","hash":"5ecbdcf997f3d01a24177c54a0a9a5ece15a2042"}
,"/Users/lcharvol/Documents/Projets/redTetris/src/client/constants/cell.js": {"path":"/Users/lcharvol/Documents/Projets/redTetris/src/client/constants/cell.js","statementMap":{"0":{"start":{"line":3,"column":25},"end":{"line":3,"column":29}},"1":{"start":{"line":5,"column":27},"end":{"line":5,"column":30}},"2":{"start":{"line":7,"column":28},"end":{"line":11,"column":1}}},"fnMap":{},"branchMap":{},"s":{"0":1,"1":1,"2":1},"f":{},"b":{},"_coverageSchema":"332fd63041d2c1bcb487cc26dd0d5f7d97098a6c","hash":"804790f67f3ed43b503766c907efe616212c38e8"}
,"/Users/lcharvol/Documents/Projets/redTetris/src/client/constants/colors.js": {"path":"/Users/lcharvol/Documents/Projets/redTetris/src/client/constants/colors.js","statementMap":{"0":{"start":{"line":3,"column":26},"end":{"line":3,"column":41}},"1":{"start":{"line":5,"column":31},"end":{"line":5,"column":46}},"2":{"start":{"line":7,"column":32},"end":{"line":7,"column":41}},"3":{"start":{"line":9,"column":24},"end":{"line":9,"column":223}},"4":{"start":{"line":11,"column":24},"end":{"line":11,"column":45}},"5":{"start":{"line":13,"column":31},"end":{"line":13,"column":52}},"6":{"start":{"line":15,"column":28},"end":{"line":19,"column":1}},"7":{"start":{"line":21,"column":41},"end":{"line":21,"column":61}}},"fnMap":{},"branchMap":{},"s":{"0":2,"1":2,"2":2,"3":2,"4":2,"5":2,"6":2,"7":2},"f":{},"b":{},"_coverageSchema":"332fd63041d2c1bcb487cc26dd0d5f7d97098a6c","hash":"b837737a5b239cc6b6bc875536847e1d1b79098a"}
,"/Users/lcharvol/Documents/Projets/redTetris/src/client/constants/index.js": {"path":"/Users/lcharvol/Documents/Projets/redTetris/src/client/constants/index.js","statementMap":{},"fnMap":{},"branchMap":{},"s":{},"f":{},"b":{},"_coverageSchema":"332fd63041d2c1bcb487cc26dd0d5f7d97098a6c","hash":"208a73221b7177f2bdb98e29fc19e1c99d866c20"}
,"/Users/lcharvol/Documents/Projets/redTetris/src/client/containers/App/index.js": {"path":"/Users/lcharvol/Documents/Projets/redTetris/src/client/containers/App/index.js","statementMap":{"0":{"start":{"line":1,"column":0},"end":{"line":null,"column":-1}},"1":{"start":{"line":2,"column":0},"end":{"line":null,"column":-1}},"2":{"start":{"line":3,"column":0},"end":{"line":null,"column":-1}},"3":{"start":{"line":4,"column":0},"end":{"line":null,"column":-1}},"4":{"start":{"line":5,"column":0},"end":{"line":null,"column":-1}},"5":{"start":{"line":11,"column":0},"end":{"line":null,"column":-1}},"6":{"start":{"line":13,"column":0},"end":{"line":null,"column":-1}},"7":{"start":{"line":19,"column":0},"end":{"line":null,"column":-1}},"8":{"start":{"line":34,"column":0},"end":{"line":null,"column":-1}},"9":{"start":{"line":35,"column":0},"end":{"line":null,"column":-1}},"10":{"start":{"line":36,"column":0},"end":{"line":null,"column":-1}},"11":{"start":{"line":37,"column":0},"end":{"line":null,"column":-1}},"12":{"start":{"line":38,"column":0},"end":{"line":null,"column":-1}},"13":{"start":{"line":39,"column":0},"end":{"line":null,"column":-1}},"14":{"start":{"line":40,"column":0},"end":{"line":null,"column":-1}},"15":{"start":{"line":41,"column":0},"end":{"line":null,"column":-1}},"16":{"start":{"line":42,"column":0},"end":{"line":null,"column":-1}},"17":{"start":{"line":43,"column":0},"end":{"line":null,"column":-1}},"18":{"start":{"line":45,"column":18},"end":{"line":45,"column":0}},"19":{"start":{"line":62,"column":12},"end":{"line":62,"column":0}},"20":{"start":{"line":62,"column":12},"end":{"line":62,"column":11}},"21":{"start":{"line":62,"column":12},"end":{"line":null,"column":-1}},"22":{"start":{"line":89,"column":29},"end":{"line":null,"column":-1}},"23":{"start":{"line":91,"column":64},"end":{"line":null,"column":-1}},"24":{"start":{"line":118,"column":16},"end":{"line":118,"column":0}},"25":{"start":{"line":123,"column":27},"end":{"line":123,"column":0}},"26":{"start":{"line":123,"column":27},"end":{"line":null,"column":-1}},"27":{"start":{"line":125,"column":24},"end":{"line":125,"column":0}},"28":{"start":{"line":125,"column":24},"end":{"line":null,"column":-1}},"29":{"start":{"line":141,"column":0},"end":{"line":null,"column":-1}}},"fnMap":{"0":{"name":"App","decl":{"start":{"line":62,"column":6},"end":{"line":62,"column":12}},"loc":{"start":{"line":62,"column":12},"end":{"line":62,"column":0}}},"1":{"name":"(anonymous_2)","decl":{"start":{"line":89,"column":29},"end":{"line":null,"column":-1}},"loc":{"start":{"line":89,"column":29},"end":{"line":89,"column":25}}},"2":{"name":"onKeyDown","decl":{"start":{"line":91,"column":64},"end":{"line":null,"column":-1}},"loc":{"start":{"line":91,"column":64},"end":{"line":91,"column":20}}},"3":{"name":"mapDispatchToProps","decl":{"start":{"line":123,"column":6},"end":{"line":123,"column":27}},"loc":{"start":{"line":123,"column":27},"end":{"line":123,"column":0}}},"4":{"name":"mapStateToProps","decl":{"start":{"line":125,"column":6},"end":{"line":125,"column":24}},"loc":{"start":{"line":125,"column":24},"end":{"line":125,"column":0}}}},"branchMap":{"0":{"loc":{"start":{"line":83,"column":9},"end":{"line":83,"column":8}},"type":"binary-expr","locations":[{"start":{"line":83,"column":9},"end":{"line":83,"column":8}},{"start":{"line":83,"column":33},"end":{"line":81,"column":4}}]},"1":{"loc":{"start":{"line":84,"column":9},"end":{"line":84,"column":31}},"type":"binary-expr","locations":[{"start":{"line":84,"column":9},"end":{"line":84,"column":31}},{"start":{"line":84,"column":32},"end":{"line":84,"column":9}},{"start":{"line":85,"column":12},"end":{"line":81,"column":4}}]},"2":{"loc":{"start":{"line":98,"column":21},"end":{"line":98,"column":20}},"type":"binary-expr","locations":[{"start":{"line":98,"column":21},"end":{"line":98,"column":20}},{"start":{"line":98,"column":42},"end":{"line":null,"column":-1}}]},"3":{"loc":{"start":{"line":103,"column":20},"end":{"line":102,"column":17}},"type":"cond-expr","locations":[{"start":{"line":103,"column":20},"end":{"line":102,"column":17}},{"start":{"line":110,"column":20},"end":{"line":null,"column":-1}}]},"4":{"loc":{"start":{"line":114,"column":9},"end":{"line":114,"column":8}},"type":"binary-expr","locations":[{"start":{"line":114,"column":9},"end":{"line":114,"column":8}},{"start":{"line":114,"column":24},"end":{"line":null,"column":-1}}]}},"s":{"0":0,"1":0,"2":0,"3":0,"4":0,"5":0,"6":0,"7":0,"8":0,"9":0,"10":0,"11":0,"12":0,"13":0,"14":0,"15":0,"16":0,"17":0,"18":0,"19":0,"20":0,"21":0,"22":0,"23":0,"24":0,"25":0,"26":0,"27":0,"28":0,"29":0},"f":{"0":0,"1":0,"2":0,"3":0,"4":0},"b":{"0":[0,0],"1":[0,0,0],"2":[0,0],"3":[0,0],"4":[0,0]}}
,"/Users/lcharvol/Documents/Projets/redTetris/src/client/containers/App/styles.js": {"path":"/Users/lcharvol/Documents/Projets/redTetris/src/client/containers/App/styles.js","statementMap":{"0":{"start":{"line":1,"column":0},"end":{"line":null,"column":-1}},"1":{"start":{"line":3,"column":0},"end":{"line":null,"column":-1}},"2":{"start":{"line":7,"column":13},"end":{"line":7,"column":7}},"3":{"start":{"line":20,"column":13},"end":{"line":20,"column":7}},"4":{"start":{"line":27,"column":13},"end":{"line":27,"column":7}},"5":{"start":{"line":39,"column":13},"end":{"line":39,"column":7}},"6":{"start":{"line":44,"column":14},"end":{"line":44,"column":13}},"7":{"start":{"line":44,"column":14},"end":{"line":null,"column":-1}}},"fnMap":{"0":{"name":"(anonymous_1)","decl":{"start":{"line":44,"column":14},"end":{"line":null,"column":-1}},"loc":{"start":{"line":44,"column":14},"end":{"line":39,"column":13}}}},"branchMap":{"0":{"loc":{"start":{"line":44,"column":53},"end":{"line":44,"column":37}},"type":"cond-expr","locations":[{"start":{"line":44,"column":53},"end":{"line":44,"column":37}},{"start":{"line":44,"column":57},"end":{"line":44,"column":14}}]}},"s":{"0":0,"1":0,"2":0,"3":0,"4":0,"5":0,"6":0,"7":0},"f":{"0":0},"b":{"0":[0,0]}}
,"/Users/lcharvol/Documents/Projets/redTetris/src/client/containers/Board/index.js": {"path":"/Users/lcharvol/Documents/Projets/redTetris/src/client/containers/Board/index.js","statementMap":{"0":{"start":{"line":1,"column":0},"end":{"line":null,"column":-1}},"1":{"start":{"line":2,"column":0},"end":{"line":null,"column":-1}},"2":{"start":{"line":3,"column":0},"end":{"line":null,"column":-1}},"3":{"start":{"line":9,"column":0},"end":{"line":null,"column":-1}},"4":{"start":{"line":11,"column":0},"end":{"line":null,"column":-1}},"5":{"start":{"line":16,"column":0},"end":{"line":null,"column":-1}},"6":{"start":{"line":17,"column":0},"end":{"line":null,"column":-1}},"7":{"start":{"line":18,"column":0},"end":{"line":null,"column":-1}},"8":{"start":{"line":20,"column":18},"end":{"line":20,"column":0}},"9":{"start":{"line":29,"column":14},"end":{"line":29,"column":0}},"10":{"start":{"line":29,"column":14},"end":{"line":29,"column":13}},"11":{"start":{"line":29,"column":14},"end":{"line":null,"column":-1}},"12":{"start":{"line":41,"column":27},"end":{"line":null,"column":-1}},"13":{"start":{"line":49,"column":0},"end":{"line":null,"column":-1}},"14":{"start":{"line":53,"column":8},"end":{"line":53,"column":7}},"15":{"start":{"line":53,"column":8},"end":{"line":null,"column":-1}},"16":{"start":{"line":57,"column":30},"end":{"line":null,"column":-1}},"17":{"start":{"line":57,"column":36},"end":{"line":null,"column":-1}},"18":{"start":{"line":64,"column":12},"end":{"line":66,"column":13}},"19":{"start":{"line":65,"column":16},"end":{"line":null,"column":-1}}},"fnMap":{"0":{"name":"Board","decl":{"start":{"line":29,"column":6},"end":{"line":29,"column":14}},"loc":{"start":{"line":29,"column":14},"end":{"line":29,"column":0}}},"1":{"name":"(anonymous_2)","decl":{"start":{"line":41,"column":27},"end":{"line":41,"column":27}},"loc":{"start":{"line":41,"column":27},"end":{"line":41,"column":17}}},"2":{"name":"(anonymous_3)","decl":{"start":{"line":53,"column":8},"end":{"line":null,"column":-1}},"loc":{"start":{"line":53,"column":8},"end":{"line":52,"column":4}}},"3":{"name":"handleChangeSize","decl":{"start":{"line":57,"column":30},"end":{"line":null,"column":-1}},"loc":{"start":{"line":57,"column":30},"end":{"line":null,"column":-1}}},"4":{"name":"(anonymous_5)","decl":{"start":{"line":57,"column":36},"end":{"line":57,"column":36}},"loc":{"start":{"line":57,"column":36},"end":{"line":57,"column":30}}},"5":{"name":"componentWillReceiveProps","decl":{"start":{"line":62,"column":14},"end":{"line":63,"column":33}},"loc":{"start":{"line":63,"column":45},"end":{"line":67,"column":11}}}},"branchMap":{"0":{"loc":{"start":{"line":30,"column":12},"end":{"line":29,"column":14}},"type":"cond-expr","locations":[{"start":{"line":30,"column":12},"end":{"line":29,"column":14}},{"start":{"line":29,"column":14},"end":{"line":null,"column":-1}}]},"1":{"loc":{"start":{"line":31,"column":19},"end":{"line":29,"column":14}},"type":"cond-expr","locations":[{"start":{"line":31,"column":19},"end":{"line":29,"column":14}},{"start":{"line":29,"column":14},"end":{"line":null,"column":-1}}]},"2":{"loc":{"start":{"line":32,"column":19},"end":{"line":29,"column":14}},"type":"cond-expr","locations":[{"start":{"line":32,"column":19},"end":{"line":29,"column":14}},{"start":{"line":29,"column":14},"end":{"line":null,"column":-1}}]},"3":{"loc":{"start":{"line":33,"column":14},"end":{"line":29,"column":14}},"type":"cond-expr","locations":[{"start":{"line":33,"column":14},"end":{"line":29,"column":14}},{"start":{"line":29,"column":14},"end":{"line":null,"column":-1}}]},"4":{"loc":{"start":{"line":34,"column":14},"end":{"line":29,"column":14}},"type":"cond-expr","locations":[{"start":{"line":34,"column":14},"end":{"line":29,"column":14}},{"start":{"line":29,"column":14},"end":{"line":null,"column":-1}}]},"5":{"loc":{"start":{"line":39,"column":13},"end":{"line":39,"column":28}},"type":"binary-expr","locations":[{"start":{"line":39,"column":13},"end":{"line":39,"column":28}},{"start":{"line":39,"column":29},"end":{"line":38,"column":8}}]},"6":{"loc":{"start":{"line":53,"column":25},"end":{"line":53,"column":8}},"type":"cond-expr","locations":[{"start":{"line":53,"column":25},"end":{"line":53,"column":8}},{"start":{"line":53,"column":8},"end":{"line":null,"column":-1}}]},"7":{"loc":{"start":{"line":64,"column":12},"end":{"line":66,"column":13}},"type":"if","locations":[{"start":{"line":64,"column":12},"end":{"line":66,"column":13}},{"start":{"line":64,"column":12},"end":{"line":66,"column":13}}]},"8":{"loc":{"start":{"line":64,"column":16},"end":{"line":64,"column":42}},"type":"binary-expr","locations":[{"start":{"line":64,"column":16},"end":{"line":64,"column":42}},{"start":{"line":64,"column":43},"end":{"line":64,"column":12}}]}},"s":{"0":0,"1":0,"2":0,"3":0,"4":0,"5":0,"6":0,"7":0,"8":0,"9":0,"10":0,"11":0,"12":0,"13":0,"14":0,"15":0,"16":0,"17":0,"18":0,"19":0},"f":{"0":0,"1":0,"2":0,"3":0,"4":0,"5":0},"b":{"0":[0,0],"1":[0,0],"2":[0,0],"3":[0,0],"4":[0,0],"5":[0,0],"6":[0,0],"7":[0,0],"8":[0,0]}}
,"/Users/lcharvol/Documents/Projets/redTetris/src/client/containers/Board/styles.js": {"path":"/Users/lcharvol/Documents/Projets/redTetris/src/client/containers/Board/styles.js","statementMap":{"0":{"start":{"line":1,"column":0},"end":{"line":null,"column":-1}},"1":{"start":{"line":3,"column":0},"end":{"line":null,"column":-1}},"2":{"start":{"line":4,"column":0},"end":{"line":null,"column":-1}},"3":{"start":{"line":6,"column":13},"end":{"line":6,"column":7}},"4":{"start":{"line":10,"column":14},"end":{"line":10,"column":13}},"5":{"start":{"line":10,"column":14},"end":{"line":null,"column":-1}},"6":{"start":{"line":13,"column":13},"end":{"line":13,"column":7}},"7":{"start":{"line":28,"column":15},"end":{"line":28,"column":14}},"8":{"start":{"line":28,"column":15},"end":{"line":null,"column":-1}},"9":{"start":{"line":29,"column":14},"end":{"line":29,"column":13}},"10":{"start":{"line":29,"column":14},"end":{"line":null,"column":-1}},"11":{"start":{"line":30,"column":13},"end":{"line":30,"column":12}},"12":{"start":{"line":30,"column":13},"end":{"line":null,"column":-1}},"13":{"start":{"line":31,"column":18},"end":{"line":31,"column":17}},"14":{"start":{"line":31,"column":18},"end":{"line":null,"column":-1}},"15":{"start":{"line":32,"column":23},"end":{"line":32,"column":22}},"16":{"start":{"line":32,"column":23},"end":{"line":null,"column":-1}},"17":{"start":{"line":36,"column":13},"end":{"line":36,"column":7}}},"fnMap":{"0":{"name":"(anonymous_1)","decl":{"start":{"line":10,"column":14},"end":{"line":null,"column":-1}},"loc":{"start":{"line":10,"column":14},"end":{"line":6,"column":13}}},"1":{"name":"(anonymous_2)","decl":{"start":{"line":28,"column":15},"end":{"line":null,"column":-1}},"loc":{"start":{"line":28,"column":15},"end":{"line":13,"column":13}}},"2":{"name":"(anonymous_3)","decl":{"start":{"line":29,"column":14},"end":{"line":null,"column":-1}},"loc":{"start":{"line":29,"column":14},"end":{"line":13,"column":13}}},"3":{"name":"(anonymous_4)","decl":{"start":{"line":30,"column":13},"end":{"line":null,"column":-1}},"loc":{"start":{"line":30,"column":13},"end":{"line":13,"column":13}}},"4":{"name":"(anonymous_5)","decl":{"start":{"line":31,"column":18},"end":{"line":null,"column":-1}},"loc":{"start":{"line":31,"column":18},"end":{"line":13,"column":13}}},"5":{"name":"(anonymous_6)","decl":{"start":{"line":32,"column":23},"end":{"line":null,"column":-1}},"loc":{"start":{"line":32,"column":23},"end":{"line":13,"column":13}}}},"branchMap":{"0":{"loc":{"start":{"line":10,"column":41},"end":{"line":10,"column":28}},"type":"cond-expr","locations":[{"start":{"line":10,"column":41},"end":{"line":10,"column":28}},{"start":{"line":10,"column":49},"end":{"line":10,"column":14}}]},"1":{"loc":{"start":{"line":29,"column":41},"end":{"line":29,"column":28}},"type":"cond-expr","locations":[{"start":{"line":29,"column":41},"end":{"line":29,"column":28}},{"start":{"line":29,"column":49},"end":{"line":29,"column":14}}]},"2":{"loc":{"start":{"line":30,"column":40},"end":{"line":30,"column":27}},"type":"cond-expr","locations":[{"start":{"line":30,"column":40},"end":{"line":30,"column":27}},{"start":{"line":30,"column":48},"end":{"line":30,"column":13}}]},"3":{"loc":{"start":{"line":31,"column":45},"end":{"line":31,"column":32}},"type":"cond-expr","locations":[{"start":{"line":31,"column":45},"end":{"line":31,"column":32}},{"start":{"line":31,"column":56},"end":{"line":31,"column":18}}]},"4":{"loc":{"start":{"line":32,"column":50},"end":{"line":32,"column":40}},"type":"cond-expr","locations":[{"start":{"line":32,"column":50},"end":{"line":32,"column":40}},{"start":{"line":32,"column":56},"end":{"line":32,"column":23}}]}},"s":{"0":0,"1":0,"2":0,"3":0,"4":0,"5":0,"6":0,"7":0,"8":0,"9":0,"10":0,"11":0,"12":0,"13":0,"14":0,"15":0,"16":0,"17":0},"f":{"0":0,"1":0,"2":0,"3":0,"4":0,"5":0},"b":{"0":[0,0],"1":[0,0],"2":[0,0],"3":[0,0],"4":[0,0]}}
,"/Users/lcharvol/Documents/Projets/redTetris/src/client/containers/GameInfo/index.js": {"path":"/Users/lcharvol/Documents/Projets/redTetris/src/client/containers/GameInfo/index.js","statementMap":{"0":{"start":{"line":1,"column":0},"end":{"line":null,"column":-1}},"1":{"start":{"line":2,"column":0},"end":{"line":null,"column":-1}},"2":{"start":{"line":3,"column":0},"end":{"line":null,"column":-1}},"3":{"start":{"line":4,"column":0},"end":{"line":null,"column":-1}},"4":{"start":{"line":5,"column":0},"end":{"line":null,"column":-1}},"5":{"start":{"line":7,"column":0},"end":{"line":null,"column":-1}},"6":{"start":{"line":8,"column":0},"end":{"line":null,"column":-1}},"7":{"start":{"line":16,"column":18},"end":{"line":16,"column":0}},"8":{"start":{"line":22,"column":17},"end":{"line":22,"column":0}},"9":{"start":{"line":22,"column":17},"end":{"line":22,"column":16}},"10":{"start":{"line":22,"column":17},"end":{"line":null,"column":-1}},"11":{"start":{"line":25,"column":24},"end":{"line":null,"column":-1}},"12":{"start":{"line":35,"column":0},"end":{"line":null,"column":-1}},"13":{"start":{"line":37,"column":24},"end":{"line":37,"column":0}},"14":{"start":{"line":37,"column":24},"end":{"line":null,"column":-1}}},"fnMap":{"0":{"name":"GameInfo","decl":{"start":{"line":22,"column":6},"end":{"line":22,"column":17}},"loc":{"start":{"line":22,"column":17},"end":{"line":22,"column":0}}},"1":{"name":"(anonymous_2)","decl":{"start":{"line":25,"column":24},"end":{"line":null,"column":-1}},"loc":{"start":{"line":25,"column":24},"end":{"line":25,"column":9}}},"2":{"name":"mapStateToProps","decl":{"start":{"line":37,"column":6},"end":{"line":37,"column":24}},"loc":{"start":{"line":37,"column":24},"end":{"line":37,"column":0}}}},"branchMap":{"0":{"loc":{"start":{"line":28,"column":17},"end":{"line":28,"column":39}},"type":"binary-expr","locations":[{"start":{"line":28,"column":17},"end":{"line":28,"column":39}},{"start":{"line":28,"column":40},"end":{"line":26,"column":12}}]},"1":{"loc":{"start":{"line":29,"column":17},"end":{"line":29,"column":36}},"type":"binary-expr","locations":[{"start":{"line":29,"column":17},"end":{"line":29,"column":36}},{"start":{"line":29,"column":37},"end":{"line":null,"column":-1}}]}},"s":{"0":0,"1":0,"2":0,"3":0,"4":0,"5":0,"6":0,"7":0,"8":0,"9":0,"10":0,"11":0,"12":0,"13":0,"14":0},"f":{"0":0,"1":0,"2":0},"b":{"0":[0,0],"1":[0,0]}}
,"/Users/lcharvol/Documents/Projets/redTetris/src/client/containers/GameInfo/styles.js": {"path":"/Users/lcharvol/Documents/Projets/redTetris/src/client/containers/GameInfo/styles.js","statementMap":{"0":{"start":{"line":1,"column":0},"end":{"line":null,"column":-1}},"1":{"start":{"line":3,"column":0},"end":{"line":null,"column":-1}},"2":{"start":{"line":5,"column":13},"end":{"line":5,"column":7}},"3":{"start":{"line":17,"column":13},"end":{"line":17,"column":7}},"4":{"start":{"line":25,"column":13},"end":{"line":25,"column":7}},"5":{"start":{"line":37,"column":13},"end":{"line":37,"column":7}},"6":{"start":{"line":47,"column":13},"end":{"line":47,"column":7}}},"fnMap":{},"branchMap":{},"s":{"0":0,"1":0,"2":0,"3":0,"4":0,"5":0,"6":0},"f":{},"b":{}}
,"/Users/lcharvol/Documents/Projets/redTetris/src/client/containers/Login/index.js": {"path":"/Users/lcharvol/Documents/Projets/redTetris/src/client/containers/Login/index.js","statementMap":{"0":{"start":{"line":1,"column":0},"end":{"line":null,"column":-1}},"1":{"start":{"line":3,"column":0},"end":{"line":null,"column":-1}},"2":{"start":{"line":6,"column":0},"end":{"line":null,"column":-1}},"3":{"start":{"line":8,"column":14},"end":{"line":8,"column":0}},"4":{"start":{"line":8,"column":14},"end":{"line":null,"column":-1}}},"fnMap":{"0":{"name":"Login","decl":{"start":{"line":8,"column":6},"end":{"line":8,"column":14}},"loc":{"start":{"line":8,"column":14},"end":{"line":8,"column":0}}}},"branchMap":{},"s":{"0":0,"1":0,"2":0,"3":0,"4":0},"f":{"0":0},"b":{}}
,"/Users/lcharvol/Documents/Projets/redTetris/src/client/containers/Login/styles.js": {"path":"/Users/lcharvol/Documents/Projets/redTetris/src/client/containers/Login/styles.js","statementMap":{"0":{"start":{"line":1,"column":0},"end":{"line":null,"column":-1}},"1":{"start":{"line":3,"column":0},"end":{"line":null,"column":-1}},"2":{"start":{"line":5,"column":13},"end":{"line":5,"column":7}},"3":{"start":{"line":16,"column":13},"end":{"line":16,"column":7}}},"fnMap":{},"branchMap":{},"s":{"0":0,"1":0,"2":0,"3":0},"f":{},"b":{}}
,"/Users/lcharvol/Documents/Projets/redTetris/src/client/containers/Spectre/index.js": {"path":"/Users/lcharvol/Documents/Projets/redTetris/src/client/containers/Spectre/index.js","statementMap":{"0":{"start":{"line":1,"column":0},"end":{"line":null,"column":-1}},"1":{"start":{"line":2,"column":0},"end":{"line":null,"column":-1}},"2":{"start":{"line":4,"column":0},"end":{"line":null,"column":-1}},"3":{"start":{"line":11,"column":18},"end":{"line":11,"column":0}},"4":{"start":{"line":15,"column":16},"end":{"line":15,"column":0}},"5":{"start":{"line":15,"column":16},"end":{"line":15,"column":15}},"6":{"start":{"line":15,"column":16},"end":{"line":null,"column":-1}},"7":{"start":{"line":18,"column":23},"end":{"line":null,"column":-1}},"8":{"start":{"line":26,"column":0},"end":{"line":null,"column":-1}}},"fnMap":{"0":{"name":"Spectre","decl":{"start":{"line":15,"column":6},"end":{"line":15,"column":16}},"loc":{"start":{"line":15,"column":16},"end":{"line":15,"column":0}}},"1":{"name":"(anonymous_2)","decl":{"start":{"line":18,"column":23},"end":{"line":18,"column":23}},"loc":{"start":{"line":18,"column":23},"end":{"line":18,"column":13}}}},"branchMap":{"0":{"loc":{"start":{"line":19,"column":16},"end":{"line":18,"column":37}},"type":"cond-expr","locations":[{"start":{"line":19,"column":16},"end":{"line":18,"column":37}},{"start":{"line":20,"column":16},"end":{"line":18,"column":23}}]}},"s":{"0":0,"1":0,"2":0,"3":0,"4":0,"5":0,"6":0,"7":0,"8":0},"f":{"0":0,"1":0},"b":{"0":[0,0]}}
,"/Users/lcharvol/Documents/Projets/redTetris/src/client/containers/Spectre/styles.js": {"path":"/Users/lcharvol/Documents/Projets/redTetris/src/client/containers/Spectre/styles.js","statementMap":{"0":{"start":{"line":1,"column":0},"end":{"line":null,"column":-1}},"1":{"start":{"line":2,"column":0},"end":{"line":null,"column":-1}},"2":{"start":{"line":4,"column":13},"end":{"line":4,"column":7}},"3":{"start":{"line":15,"column":13},"end":{"line":15,"column":7}},"4":{"start":{"line":26,"column":13},"end":{"line":26,"column":7}},"5":{"start":{"line":32,"column":13},"end":{"line":32,"column":7}}},"fnMap":{},"branchMap":{},"s":{"0":0,"1":0,"2":0,"3":0,"4":0,"5":0},"f":{},"b":{}}
,"/Users/lcharvol/Documents/Projets/redTetris/src/client/middlewares/storeStateMiddleWare.js": {"path":"/Users/lcharvol/Documents/Projets/redTetris/src/client/middlewares/storeStateMiddleWare.js","statementMap":{"0":{"start":{"line":1,"column":13},"end":{"line":1,"column":7}},"1":{"start":{"line":1,"column":54},"end":{"line":1,"column":53}},"2":{"start":{"line":2,"column":4},"end":{"line":null,"column":-1}},"3":{"start":{"line":2,"column":11},"end":{"line":null,"column":-1}},"4":{"start":{"line":3,"column":24},"end":{"line":3,"column":6}},"5":{"start":{"line":4,"column":6},"end":{"line":null,"column":-1}},"6":{"start":{"line":5,"column":6},"end":{"line":null,"column":-1}}},"fnMap":{"0":{"name":"storeStateMiddleWare","decl":{"start":{"line":1,"column":13},"end":{"line":1,"column":36}},"loc":{"start":{"line":1,"column":54},"end":{"line":1,"column":7}}},"1":{"name":"(anonymous_1)","decl":{"start":{"line":2,"column":11},"end":{"line":2,"column":11}},"loc":{"start":{"line":2,"column":11},"end":{"line":2,"column":4}}},"2":{"name":"(anonymous_2)","decl":{"start":{"line":2,"column":21},"end":{"line":2,"column":21}},"loc":{"start":{"line":2,"column":33},"end":{"line":2,"column":11}}}},"branchMap":{},"s":{"0":0,"1":0,"2":0,"3":0,"4":0,"5":0,"6":0},"f":{"0":0,"1":0,"2":0},"b":{}}
,"/Users/lcharvol/Documents/Projets/redTetris/src/client/reducers/game.js": {"path":"/Users/lcharvol/Documents/Projets/redTetris/src/client/reducers/game.js","statementMap":{"0":{"start":{"line":1,"column":0},"end":{"line":null,"column":-1}},"1":{"start":{"line":2,"column":0},"end":{"line":null,"column":-1}},"2":{"start":{"line":10,"column":21},"end":{"line":10,"column":0}},"3":{"start":{"line":20,"column":16},"end":{"line":20,"column":0}},"4":{"start":{"line":20,"column":50},"end":{"line":20,"column":49}},"5":{"start":{"line":20,"column":50},"end":{"line":null,"column":-1}},"6":{"start":{"line":21,"column":0},"end":{"line":null,"column":-1}},"7":{"start":{"line":23,"column":8},"end":{"line":null,"column":-1}},"8":{"start":{"line":25,"column":8},"end":{"line":null,"column":-1}},"9":{"start":{"line":27,"column":8},"end":{"line":28,"column":12}},"10":{"start":{"line":28,"column":12},"end":{"line":null,"column":-1}},"11":{"start":{"line":29,"column":8},"end":{"line":null,"column":-1}},"12":{"start":{"line":31,"column":8},"end":{"line":null,"column":-1}},"13":{"start":{"line":33,"column":8},"end":{"line":null,"column":-1}},"14":{"start":{"line":35,"column":8},"end":{"line":null,"column":-1}}},"fnMap":{"0":{"name":"reducer","decl":{"start":{"line":20,"column":6},"end":{"line":20,"column":16}},"loc":{"start":{"line":20,"column":50},"end":{"line":20,"column":0}}}},"branchMap":{"0":{"loc":{"start":{"line":20,"column":50},"end":{"line":20,"column":24}},"type":"cond-expr","locations":[{"start":{"line":20,"column":50},"end":{"line":20,"column":24}},{"start":{"line":20,"column":25},"end":{"line":20,"column":50}}]},"1":{"loc":{"start":{"line":20,"column":50},"end":{"line":20,"column":24}},"type":"binary-expr","locations":[{"start":{"line":20,"column":50},"end":{"line":20,"column":24}},{"start":{"line":20,"column":50},"end":{"line":20,"column":24}}]},"2":{"loc":{"start":{"line":22,"column":4},"end":{"line":23,"column":8}},"type":"switch","locations":[{"start":{"line":22,"column":4},"end":{"line":23,"column":8}},{"start":{"line":24,"column":4},"end":{"line":25,"column":8}},{"start":{"line":26,"column":4},"end":{"line":29,"column":8}},{"start":{"line":30,"column":4},"end":{"line":31,"column":8}},{"start":{"line":32,"column":4},"end":{"line":33,"column":8}},{"start":{"line":34,"column":4},"end":{"line":35,"column":8}}]},"3":{"loc":{"start":{"line":27,"column":8},"end":{"line":28,"column":12}},"type":"if","locations":[{"start":{"line":27,"column":8},"end":{"line":28,"column":12}},{"start":{"line":27,"column":8},"end":{"line":28,"column":12}}]}},"s":{"0":0,"1":0,"2":0,"3":0,"4":0,"5":0,"6":0,"7":0,"8":0,"9":0,"10":0,"11":0,"12":0,"13":0,"14":0},"f":{"0":0},"b":{"0":[0,0],"1":[0,0],"2":[0,0,0,0,0,0],"3":[0,0]}}
,"/Users/lcharvol/Documents/Projets/redTetris/src/client/reducers/index.js": {"path":"/Users/lcharvol/Documents/Projets/redTetris/src/client/reducers/index.js","statementMap":{"0":{"start":{"line":1,"column":0},"end":{"line":null,"column":-1}},"1":{"start":{"line":3,"column":0},"end":{"line":null,"column":-1}},"2":{"start":{"line":5,"column":16},"end":{"line":5,"column":0}}},"fnMap":{},"branchMap":{},"s":{"0":0,"1":0,"2":0},"f":{},"b":{}}
,"/Users/lcharvol/Documents/Projets/redTetris/src/client/selectors/game.js": {"path":"/Users/lcharvol/Documents/Projets/redTetris/src/client/selectors/game.js","statementMap":{"0":{"start":{"line":1,"column":0},"end":{"line":null,"column":-1}},"1":{"start":{"line":9,"column":13},"end":{"line":9,"column":7}},"2":{"start":{"line":9,"column":32},"end":{"line":null,"column":-1}},"3":{"start":{"line":11,"column":13},"end":{"line":11,"column":7}},"4":{"start":{"line":11,"column":31},"end":{"line":null,"column":-1}},"5":{"start":{"line":12,"column":13},"end":{"line":12,"column":7}},"6":{"start":{"line":12,"column":31},"end":{"line":null,"column":-1}},"7":{"start":{"line":14,"column":13},"end":{"line":14,"column":7}},"8":{"start":{"line":14,"column":21},"end":{"line":null,"column":-1}},"9":{"start":{"line":16,"column":13},"end":{"line":16,"column":7}},"10":{"start":{"line":17,"column":4},"end":{"line":21,"column":5}},"11":{"start":{"line":18,"column":28},"end":{"line":18,"column":8}},"12":{"start":{"line":19,"column":22},"end":{"line":19,"column":8}},"13":{"start":{"line":20,"column":8},"end":{"line":20,"column":18}},"14":{"start":{"line":20,"column":18},"end":{"line":null,"column":-1}},"15":{"start":{"line":22,"column":4},"end":{"line":null,"column":-1}},"16":{"start":{"line":25,"column":13},"end":{"line":25,"column":7}},"17":{"start":{"line":26,"column":15},"end":{"line":26,"column":4}},"18":{"start":{"line":27,"column":4},"end":{"line":31,"column":5}},"19":{"start":{"line":28,"column":22},"end":{"line":28,"column":8}},"20":{"start":{"line":29,"column":25},"end":{"line":29,"column":8}},"21":{"start":{"line":30,"column":8},"end":{"line":null,"column":-1}},"22":{"start":{"line":32,"column":4},"end":{"line":null,"column":-1}},"23":{"start":{"line":35,"column":13},"end":{"line":35,"column":7}},"24":{"start":{"line":35,"column":27},"end":{"line":null,"column":-1}},"25":{"start":{"line":37,"column":13},"end":{"line":37,"column":7}},"26":{"start":{"line":38,"column":4},"end":{"line":41,"column":5}},"27":{"start":{"line":39,"column":28},"end":{"line":39,"column":8}},"28":{"start":{"line":40,"column":8},"end":{"line":null,"column":-1}},"29":{"start":{"line":42,"column":4},"end":{"line":null,"column":-1}},"30":{"start":{"line":45,"column":13},"end":{"line":45,"column":7}},"31":{"start":{"line":46,"column":4},"end":{"line":50,"column":5}},"32":{"start":{"line":47,"column":28},"end":{"line":47,"column":8}},"33":{"start":{"line":48,"column":22},"end":{"line":48,"column":8}},"34":{"start":{"line":49,"column":8},"end":{"line":49,"column":18}},"35":{"start":{"line":49,"column":18},"end":{"line":null,"column":-1}},"36":{"start":{"line":51,"column":4},"end":{"line":null,"column":-1}},"37":{"start":{"line":54,"column":13},"end":{"line":54,"column":7}},"38":{"start":{"line":54,"column":25},"end":{"line":null,"column":-1}},"39":{"start":{"line":56,"column":13},"end":{"line":56,"column":7}},"40":{"start":{"line":56,"column":31},"end":{"line":null,"column":-1}},"41":{"start":{"line":58,"column":13},"end":{"line":58,"column":7}},"42":{"start":{"line":58,"column":24},"end":{"line":null,"column":-1}},"43":{"start":{"line":60,"column":13},"end":{"line":60,"column":7}},"44":{"start":{"line":61,"column":32},"end":{"line":60,"column":38}},"45":{"start":{"line":62,"column":4},"end":{"line":63,"column":8}},"46":{"start":{"line":63,"column":8},"end":{"line":null,"column":-1}},"47":{"start":{"line":64,"column":21},"end":{"line":64,"column":4}},"48":{"start":{"line":65,"column":4},"end":{"line":null,"column":-1}},"49":{"start":{"line":65,"column":8},"end":{"line":null,"column":-1}},"50":{"start":{"line":66,"column":4},"end":{"line":null,"column":-1}},"51":{"start":{"line":69,"column":13},"end":{"line":69,"column":7}},"52":{"start":{"line":70,"column":32},"end":{"line":69,"column":37}},"53":{"start":{"line":71,"column":4},"end":{"line":72,"column":8}},"54":{"start":{"line":72,"column":8},"end":{"line":null,"column":-1}},"55":{"start":{"line":73,"column":16},"end":{"line":73,"column":4}},"56":{"start":{"line":74,"column":4},"end":{"line":null,"column":-1}},"57":{"start":{"line":74,"column":8},"end":{"line":null,"column":-1}},"58":{"start":{"line":75,"column":4},"end":{"line":null,"column":-1}}},"fnMap":{"0":{"name":"getIsGameStarted","decl":{"start":{"line":9,"column":13},"end":{"line":9,"column":32}},"loc":{"start":{"line":9,"column":32},"end":{"line":9,"column":7}}},"1":{"name":"getDisplayModal","decl":{"start":{"line":11,"column":13},"end":{"line":11,"column":31}},"loc":{"start":{"line":11,"column":31},"end":{"line":11,"column":7}}},"2":{"name":"getModalMessage","decl":{"start":{"line":12,"column":13},"end":{"line":12,"column":31}},"loc":{"start":{"line":12,"column":31},"end":{"line":12,"column":7}}},"3":{"name":"getMe","decl":{"start":{"line":14,"column":13},"end":{"line":14,"column":21}},"loc":{"start":{"line":14,"column":21},"end":{"line":14,"column":7}}},"4":{"name":"getEnemyName","decl":{"start":{"line":16,"column":13},"end":{"line":16,"column":28}},"loc":{"start":{"line":16,"column":37},"end":{"line":16,"column":7}}},"5":{"name":"getOwner","decl":{"start":{"line":25,"column":13},"end":{"line":25,"column":24}},"loc":{"start":{"line":25,"column":33},"end":{"line":25,"column":7}}},"6":{"name":"getRoomName","decl":{"start":{"line":35,"column":13},"end":{"line":35,"column":27}},"loc":{"start":{"line":35,"column":27},"end":{"line":35,"column":7}}},"7":{"name":"getMyBoard","decl":{"start":{"line":37,"column":13},"end":{"line":37,"column":26}},"loc":{"start":{"line":37,"column":35},"end":{"line":37,"column":7}}},"8":{"name":"getEnemyBoard","decl":{"start":{"line":45,"column":13},"end":{"line":45,"column":29}},"loc":{"start":{"line":45,"column":38},"end":{"line":45,"column":7}}},"9":{"name":"getToasts","decl":{"start":{"line":54,"column":13},"end":{"line":54,"column":25}},"loc":{"start":{"line":54,"column":25},"end":{"line":54,"column":7}}},"10":{"name":"getErrorMessage","decl":{"start":{"line":56,"column":13},"end":{"line":56,"column":31}},"loc":{"start":{"line":56,"column":31},"end":{"line":56,"column":7}}},"11":{"name":"getUsers","decl":{"start":{"line":58,"column":13},"end":{"line":58,"column":24}},"loc":{"start":{"line":58,"column":24},"end":{"line":58,"column":7}}},"12":{"name":"getUsersNames","decl":{"start":{"line":60,"column":13},"end":{"line":60,"column":29}},"loc":{"start":{"line":60,"column":38},"end":{"line":60,"column":7}}},"13":{"name":"(anonymous_14)","decl":{"start":{"line":65,"column":8},"end":{"line":null,"column":-1}},"loc":{"start":{"line":65,"column":8},"end":{"line":65,"column":4}}},"14":{"name":"getOwnerName","decl":{"start":{"line":69,"column":13},"end":{"line":69,"column":28}},"loc":{"start":{"line":69,"column":37},"end":{"line":69,"column":7}}},"15":{"name":"(anonymous_16)","decl":{"start":{"line":74,"column":8},"end":{"line":null,"column":-1}},"loc":{"start":{"line":74,"column":8},"end":{"line":74,"column":4}}}},"branchMap":{"0":{"loc":{"start":{"line":11,"column":67},"end":{"line":11,"column":40}},"type":"cond-expr","locations":[{"start":{"line":11,"column":67},"end":{"line":11,"column":40}},{"start":{"line":11,"column":94},"end":{"line":11,"column":31}}]},"1":{"loc":{"start":{"line":12,"column":67},"end":{"line":12,"column":40}},"type":"cond-expr","locations":[{"start":{"line":12,"column":67},"end":{"line":12,"column":40}},{"start":{"line":12,"column":94},"end":{"line":12,"column":31}}]},"2":{"loc":{"start":{"line":17,"column":4},"end":{"line":21,"column":5}},"type":"if","locations":[{"start":{"line":17,"column":4},"end":{"line":21,"column":5}},{"start":{"line":17,"column":4},"end":{"line":21,"column":5}}]},"3":{"loc":{"start":{"line":20,"column":8},"end":{"line":20,"column":18}},"type":"if","locations":[{"start":{"line":20,"column":8},"end":{"line":20,"column":18}},{"start":{"line":20,"column":8},"end":{"line":20,"column":18}}]},"4":{"loc":{"start":{"line":27,"column":4},"end":{"line":31,"column":5}},"type":"if","locations":[{"start":{"line":27,"column":4},"end":{"line":31,"column":5}},{"start":{"line":27,"column":4},"end":{"line":31,"column":5}}]},"5":{"loc":{"start":{"line":28,"column":22},"end":{"line":28,"column":21}},"type":"binary-expr","locations":[{"start":{"line":28,"column":22},"end":{"line":28,"column":21}},{"start":{"line":28,"column":42},"end":{"line":28,"column":8}}]},"6":{"loc":{"start":{"line":30,"column":33},"end":{"line":30,"column":15}},"type":"cond-expr","locations":[{"start":{"line":30,"column":33},"end":{"line":30,"column":15}},{"start":{"line":30,"column":57},"end":{"line":30,"column":8}}]},"7":{"loc":{"start":{"line":38,"column":4},"end":{"line":41,"column":5}},"type":"if","locations":[{"start":{"line":38,"column":4},"end":{"line":41,"column":5}},{"start":{"line":38,"column":4},"end":{"line":41,"column":5}}]},"8":{"loc":{"start":{"line":46,"column":4},"end":{"line":50,"column":5}},"type":"if","locations":[{"start":{"line":46,"column":4},"end":{"line":50,"column":5}},{"start":{"line":46,"column":4},"end":{"line":50,"column":5}}]},"9":{"loc":{"start":{"line":49,"column":8},"end":{"line":49,"column":18}},"type":"if","locations":[{"start":{"line":49,"column":8},"end":{"line":49,"column":18}},{"start":{"line":49,"column":8},"end":{"line":49,"column":18}}]},"10":{"loc":{"start":{"line":58,"column":33},"end":{"line":58,"column":32}},"type":"binary-expr","locations":[{"start":{"line":58,"column":33},"end":{"line":58,"column":32}},{"start":{"line":58,"column":53},"end":{"line":58,"column":24}}]},"11":{"loc":{"start":{"line":62,"column":4},"end":{"line":63,"column":8}},"type":"if","locations":[{"start":{"line":62,"column":4},"end":{"line":63,"column":8}},{"start":{"line":62,"column":4},"end":{"line":63,"column":8}}]},"12":{"loc":{"start":{"line":71,"column":4},"end":{"line":72,"column":8}},"type":"if","locations":[{"start":{"line":71,"column":4},"end":{"line":72,"column":8}},{"start":{"line":71,"column":4},"end":{"line":72,"column":8}}]},"13":{"loc":{"start":{"line":74,"column":29},"end":{"line":74,"column":16}},"type":"cond-expr","locations":[{"start":{"line":74,"column":29},"end":{"line":74,"column":16}},{"start":{"line":74,"column":49},"end":{"line":74,"column":8}}]}},"s":{"0":0,"1":0,"2":0,"3":0,"4":0,"5":0,"6":0,"7":0,"8":0,"9":0,"10":0,"11":0,"12":0,"13":0,"14":0,"15":0,"16":0,"17":0,"18":0,"19":0,"20":0,"21":0,"22":0,"23":0,"24":0,"25":0,"26":0,"27":0,"28":0,"29":0,"30":0,"31":0,"32":0,"33":0,"34":0,"35":0,"36":0,"37":0,"38":0,"39":0,"40":0,"41":0,"42":0,"43":0,"44":0,"45":0,"46":0,"47":0,"48":0,"49":0,"50":0,"51":0,"52":0,"53":0,"54":0,"55":0,"56":0,"57":0,"58":0},"f":{"0":0,"1":0,"2":0,"3":0,"4":0,"5":0,"6":0,"7":0,"8":0,"9":0,"10":0,"11":0,"12":0,"13":0,"14":0,"15":0},"b":{"0":[0,0],"1":[0,0],"2":[0,0],"3":[0,0],"4":[0,0],"5":[0,0],"6":[0,0],"7":[0,0],"8":[0,0],"9":[0,0],"10":[0,0],"11":[0,0],"12":[0,0],"13":[0,0]}}
,"/Users/lcharvol/Documents/Projets/redTetris/src/server/boardManager.js": {"path":"/Users/lcharvol/Documents/Projets/redTetris/src/server/boardManager.js","statementMap":{"0":{"start":{"line":1,"column":0},"end":{"line":null,"column":-1}},"1":{"start":{"line":13,"column":0},"end":{"line":null,"column":-1}},"2":{"start":{"line":14,"column":0},"end":{"line":null,"column":-1}},"3":{"start":{"line":15,"column":0},"end":{"line":null,"column":-1}},"4":{"start":{"line":16,"column":0},"end":{"line":null,"column":-1}},"5":{"start":{"line":17,"column":0},"end":{"line":null,"column":-1}},"6":{"start":{"line":19,"column":19},"end":{"line":19,"column":0}},"7":{"start":{"line":20,"column":10},"end":{"line":20,"column":4}},"8":{"start":{"line":21,"column":4},"end":{"line":null,"column":-1}},"9":{"start":{"line":22,"column":8},"end":{"line":null,"column":-1}},"10":{"start":{"line":24,"column":4},"end":{"line":null,"column":-1}},"11":{"start":{"line":28,"column":15},"end":{"line":28,"column":0}},"12":{"start":{"line":29,"column":10},"end":{"line":29,"column":4}},"13":{"start":{"line":30,"column":18},"end":{"line":30,"column":4}},"14":{"start":{"line":31,"column":4},"end":{"line":null,"column":-1}},"15":{"start":{"line":32,"column":8},"end":{"line":null,"column":-1}},"16":{"start":{"line":34,"column":4},"end":{"line":null,"column":-1}},"17":{"start":{"line":37,"column":19},"end":{"line":37,"column":0}},"18":{"start":{"line":38,"column":8},"end":{"line":38,"column":4}},"19":{"start":{"line":39,"column":21},"end":{"line":39,"column":4}},"20":{"start":{"line":40,"column":19},"end":{"line":40,"column":4}},"21":{"start":{"line":41,"column":21},"end":{"line":41,"column":4}},"22":{"start":{"line":42,"column":4},"end":{"line":null,"column":-1}},"23":{"start":{"line":43,"column":8},"end":{"line":44,"column":12}},"24":{"start":{"line":44,"column":12},"end":{"line":null,"column":-1}},"25":{"start":{"line":45,"column":8},"end":{"line":52,"column":9}},"26":{"start":{"line":46,"column":12},"end":{"line":49,"column":13}},"27":{"start":{"line":47,"column":16},"end":{"line":null,"column":-1}},"28":{"start":{"line":48,"column":16},"end":{"line":null,"column":-1}},"29":{"start":{"line":50,"column":12},"end":{"line":null,"column":-1}},"30":{"start":{"line":51,"column":12},"end":{"line":null,"column":-1}},"31":{"start":{"line":54,"column":4},"end":{"line":null,"column":-1}},"32":{"start":{"line":60,"column":13},"end":{"line":60,"column":7}},"33":{"start":{"line":61,"column":8},"end":{"line":61,"column":4}},"34":{"start":{"line":62,"column":19},"end":{"line":62,"column":4}},"35":{"start":{"line":63,"column":14},"end":{"line":63,"column":4}},"36":{"start":{"line":65,"column":4},"end":{"line":null,"column":-1}},"37":{"start":{"line":66,"column":4},"end":{"line":null,"column":-1}},"38":{"start":{"line":67,"column":8},"end":{"line":null,"column":-1}},"39":{"start":{"line":73,"column":4},"end":{"line":null,"column":-1}},"40":{"start":{"line":74,"column":4},"end":{"line":null,"column":-1}},"41":{"start":{"line":75,"column":8},"end":{"line":null,"column":-1}},"42":{"start":{"line":77,"column":4},"end":{"line":null,"column":-1}},"43":{"start":{"line":80,"column":13},"end":{"line":80,"column":7}},"44":{"start":{"line":81,"column":10},"end":{"line":81,"column":4}},"45":{"start":{"line":82,"column":43},"end":{"line":80,"column":34}},"46":{"start":{"line":83,"column":8},"end":{"line":83,"column":4}},"47":{"start":{"line":84,"column":21},"end":{"line":84,"column":4}},"48":{"start":{"line":85,"column":18},"end":{"line":85,"column":4}},"49":{"start":{"line":87,"column":4},"end":{"line":null,"column":-1}},"50":{"start":{"line":88,"column":25},"end":{"line":87,"column":28}},"51":{"start":{"line":89,"column":25},"end":{"line":89,"column":8}},"52":{"start":{"line":90,"column":24},"end":{"line":90,"column":8}},"53":{"start":{"line":92,"column":8},"end":{"line":95,"column":9}},"54":{"start":{"line":93,"column":12},"end":{"line":null,"column":-1}},"55":{"start":{"line":94,"column":12},"end":{"line":null,"column":-1}},"56":{"start":{"line":98,"column":4},"end":{"line":120,"column":5}},"57":{"start":{"line":99,"column":8},"end":{"line":119,"column":9}},"58":{"start":{"line":100,"column":32},"end":{"line":100,"column":12}},"59":{"start":{"line":101,"column":34},"end":{"line":101,"column":12}},"60":{"start":{"line":103,"column":12},"end":{"line":null,"column":-1}},"61":{"start":{"line":112,"column":12},"end":{"line":null,"column":-1}},"62":{"start":{"line":122,"column":4},"end":{"line":null,"column":-1}},"63":{"start":{"line":123,"column":32},"end":{"line":122,"column":40}},"64":{"start":{"line":124,"column":25},"end":{"line":124,"column":8}},"65":{"start":{"line":126,"column":8},"end":{"line":126,"column":20}},"66":{"start":{"line":126,"column":20},"end":{"line":null,"column":-1}},"67":{"start":{"line":127,"column":8},"end":{"line":132,"column":9}},"68":{"start":{"line":128,"column":12},"end":{"line":129,"column":16}},"69":{"start":{"line":129,"column":16},"end":{"line":null,"column":-1}},"70":{"start":{"line":130,"column":12},"end":{"line":131,"column":16}},"71":{"start":{"line":131,"column":16},"end":{"line":null,"column":-1}},"72":{"start":{"line":135,"column":4},"end":{"line":null,"column":-1}},"73":{"start":{"line":136,"column":4},"end":{"line":null,"column":-1}},"74":{"start":{"line":143,"column":13},"end":{"line":143,"column":7}},"75":{"start":{"line":144,"column":10},"end":{"line":144,"column":4}},"76":{"start":{"line":145,"column":35},"end":{"line":143,"column":33}},"77":{"start":{"line":146,"column":21},"end":{"line":146,"column":4}},"78":{"start":{"line":147,"column":18},"end":{"line":147,"column":4}},"79":{"start":{"line":149,"column":4},"end":{"line":null,"column":-1}},"80":{"start":{"line":150,"column":25},"end":{"line":149,"column":28}},"81":{"start":{"line":151,"column":27},"end":{"line":151,"column":8}},"82":{"start":{"line":152,"column":24},"end":{"line":152,"column":8}},"83":{"start":{"line":153,"column":8},"end":{"line":153,"column":32}},"84":{"start":{"line":153,"column":32},"end":{"line":null,"column":-1}},"85":{"start":{"line":155,"column":4},"end":{"line":155,"column":17}},"86":{"start":{"line":155,"column":17},"end":{"line":null,"column":-1}},"87":{"start":{"line":156,"column":4},"end":{"line":null,"column":-1}},"88":{"start":{"line":157,"column":31},"end":{"line":156,"column":37}},"89":{"start":{"line":158,"column":8},"end":{"line":158,"column":20}},"90":{"start":{"line":158,"column":20},"end":{"line":null,"column":-1}},"91":{"start":{"line":159,"column":25},"end":{"line":159,"column":8}},"92":{"start":{"line":160,"column":8},"end":{"line":161,"column":12}},"93":{"start":{"line":161,"column":12},"end":{"line":null,"column":-1}},"94":{"start":{"line":162,"column":8},"end":{"line":null,"column":-1}},"95":{"start":{"line":164,"column":4},"end":{"line":null,"column":-1}},"96":{"start":{"line":165,"column":8},"end":{"line":null,"column":-1}},"97":{"start":{"line":167,"column":4},"end":{"line":null,"column":-1}},"98":{"start":{"line":168,"column":4},"end":{"line":null,"column":-1}},"99":{"start":{"line":171,"column":13},"end":{"line":171,"column":7}},"100":{"start":{"line":172,"column":10},"end":{"line":172,"column":4}},"101":{"start":{"line":173,"column":35},"end":{"line":171,"column":32}},"102":{"start":{"line":174,"column":21},"end":{"line":174,"column":4}},"103":{"start":{"line":175,"column":18},"end":{"line":175,"column":4}},"104":{"start":{"line":176,"column":4},"end":{"line":null,"column":-1}},"105":{"start":{"line":177,"column":25},"end":{"line":176,"column":28}},"106":{"start":{"line":178,"column":28},"end":{"line":178,"column":8}},"107":{"start":{"line":179,"column":24},"end":{"line":179,"column":8}},"108":{"start":{"line":180,"column":8},"end":{"line":180,"column":32}},"109":{"start":{"line":180,"column":32},"end":{"line":null,"column":-1}},"110":{"start":{"line":182,"column":4},"end":{"line":182,"column":17}},"111":{"start":{"line":182,"column":17},"end":{"line":null,"column":-1}},"112":{"start":{"line":183,"column":4},"end":{"line":null,"column":-1}},"113":{"start":{"line":184,"column":31},"end":{"line":183,"column":28}},"114":{"start":{"line":185,"column":8},"end":{"line":185,"column":20}},"115":{"start":{"line":185,"column":20},"end":{"line":null,"column":-1}},"116":{"start":{"line":186,"column":8},"end":{"line":187,"column":12}},"117":{"start":{"line":187,"column":12},"end":{"line":null,"column":-1}},"118":{"start":{"line":188,"column":8},"end":{"line":null,"column":-1}},"119":{"start":{"line":190,"column":4},"end":{"line":null,"column":-1}},"120":{"start":{"line":191,"column":8},"end":{"line":null,"column":-1}},"121":{"start":{"line":193,"column":4},"end":{"line":null,"column":-1}},"122":{"start":{"line":194,"column":4},"end":{"line":null,"column":-1}},"123":{"start":{"line":197,"column":13},"end":{"line":197,"column":7}},"124":{"start":{"line":198,"column":10},"end":{"line":198,"column":4}},"125":{"start":{"line":199,"column":21},"end":{"line":199,"column":4}},"126":{"start":{"line":200,"column":34},"end":{"line":197,"column":30}},"127":{"start":{"line":201,"column":23},"end":{"line":201,"column":4}},"128":{"start":{"line":203,"column":4},"end":{"line":null,"column":-1}},"129":{"start":{"line":204,"column":4},"end":{"line":205,"column":8}},"130":{"start":{"line":205,"column":8},"end":{"line":null,"column":-1}},"131":{"start":{"line":206,"column":4},"end":{"line":null,"column":-1}},"132":{"start":{"line":207,"column":8},"end":{"line":208,"column":12}},"133":{"start":{"line":208,"column":12},"end":{"line":null,"column":-1}},"134":{"start":{"line":209,"column":12},"end":{"line":null,"column":-1}},"135":{"start":{"line":211,"column":4},"end":{"line":221,"column":5}},"136":{"start":{"line":212,"column":8},"end":{"line":null,"column":-1}},"137":{"start":{"line":214,"column":8},"end":{"line":null,"column":-1}},"138":{"start":{"line":215,"column":8},"end":{"line":219,"column":9}},"139":{"start":{"line":216,"column":12},"end":{"line":null,"column":-1}},"140":{"start":{"line":218,"column":12},"end":{"line":null,"column":-1}},"141":{"start":{"line":220,"column":8},"end":{"line":null,"column":-1}},"142":{"start":{"line":222,"column":4},"end":{"line":null,"column":-1}}},"fnMap":{"0":{"name":"deleteLine","decl":{"start":{"line":19,"column":6},"end":{"line":19,"column":19}},"loc":{"start":{"line":19,"column":36},"end":{"line":19,"column":0}}},"1":{"name":"(anonymous_2)","decl":{"start":{"line":21,"column":10},"end":{"line":21,"column":16}},"loc":{"start":{"line":21,"column":17},"end":{"line":21,"column":4}}},"2":{"name":"goDown","decl":{"start":{"line":28,"column":6},"end":{"line":28,"column":15}},"loc":{"start":{"line":28,"column":32},"end":{"line":28,"column":0}}},"3":{"name":"(anonymous_4)","decl":{"start":{"line":31,"column":10},"end":{"line":31,"column":14}},"loc":{"start":{"line":31,"column":15},"end":{"line":31,"column":4}}},"4":{"name":"checkBoard","decl":{"start":{"line":37,"column":6},"end":{"line":37,"column":19}},"loc":{"start":{"line":37,"column":28},"end":{"line":37,"column":0}}},"5":{"name":"(anonymous_6)","decl":{"start":{"line":42,"column":14},"end":{"line":42,"column":14}},"loc":{"start":{"line":42,"column":28},"end":{"line":42,"column":4}}},"6":{"name":"AddFullLine","decl":{"start":{"line":60,"column":13},"end":{"line":60,"column":27}},"loc":{"start":{"line":60,"column":42},"end":{"line":60,"column":7}}},"7":{"name":"(anonymous_8)","decl":{"start":{"line":66,"column":10},"end":{"line":66,"column":15}},"loc":{"start":{"line":66,"column":16},"end":{"line":66,"column":4}}},"8":{"name":"(anonymous_9)","decl":{"start":{"line":74,"column":10},"end":{"line":74,"column":15}},"loc":{"start":{"line":74,"column":16},"end":{"line":74,"column":4}}},"9":{"name":"moveBottom","decl":{"start":{"line":80,"column":13},"end":{"line":80,"column":26}},"loc":{"start":{"line":80,"column":34},"end":{"line":80,"column":7}}},"10":{"name":"(anonymous_11)","decl":{"start":{"line":87,"column":14},"end":{"line":87,"column":14}},"loc":{"start":{"line":87,"column":28},"end":{"line":87,"column":4}}},"11":{"name":"(anonymous_12)","decl":{"start":{"line":122,"column":26},"end":{"line":122,"column":26}},"loc":{"start":{"line":122,"column":40},"end":{"line":122,"column":4}}},"12":{"name":"moveRight","decl":{"start":{"line":143,"column":13},"end":{"line":143,"column":25}},"loc":{"start":{"line":143,"column":33},"end":{"line":143,"column":7}}},"13":{"name":"(anonymous_14)","decl":{"start":{"line":149,"column":14},"end":{"line":149,"column":14}},"loc":{"start":{"line":149,"column":28},"end":{"line":149,"column":4}}},"14":{"name":"(anonymous_15)","decl":{"start":{"line":156,"column":23},"end":{"line":156,"column":23}},"loc":{"start":{"line":156,"column":37},"end":{"line":156,"column":4}}},"15":{"name":"(anonymous_16)","decl":{"start":{"line":164,"column":8},"end":{"line":164,"column":13}},"loc":{"start":{"line":164,"column":14},"end":{"line":164,"column":4}}},"16":{"name":"moveLeft","decl":{"start":{"line":171,"column":13},"end":{"line":171,"column":24}},"loc":{"start":{"line":171,"column":32},"end":{"line":171,"column":7}}},"17":{"name":"(anonymous_18)","decl":{"start":{"line":176,"column":14},"end":{"line":176,"column":14}},"loc":{"start":{"line":176,"column":28},"end":{"line":176,"column":4}}},"18":{"name":"(anonymous_19)","decl":{"start":{"line":183,"column":14},"end":{"line":183,"column":14}},"loc":{"start":{"line":183,"column":28},"end":{"line":183,"column":4}}},"19":{"name":"(anonymous_20)","decl":{"start":{"line":190,"column":8},"end":{"line":190,"column":13}},"loc":{"start":{"line":190,"column":14},"end":{"line":190,"column":4}}},"20":{"name":"rotate","decl":{"start":{"line":197,"column":13},"end":{"line":197,"column":22}},"loc":{"start":{"line":197,"column":30},"end":{"line":197,"column":7}}},"21":{"name":"(anonymous_22)","decl":{"start":{"line":206,"column":14},"end":{"line":206,"column":14}},"loc":{"start":{"line":206,"column":28},"end":{"line":206,"column":4}}}},"branc
[...]
"line":83,"column":12},"end":{"line":83,"column":19}},"loc":{"start":{"line":83,"column":20},"end":{"line":83,"column":8}}},"8":{"name":"(anonymous_9)","decl":{"start":{"line":95,"column":19},"end":{"line":null,"column":-1}},"loc":{"start":{"line":95,"column":19},"end":{"line":95,"column":8}}},"9":{"name":"(anonymous_10)","decl":{"start":{"line":96,"column":19},"end":{"line":null,"column":-1}},"loc":{"start":{"line":96,"column":19},"end":{"line":96,"column":8}}},"10":{"name":"(anonymous_11)","decl":{"start":{"line":97,"column":19},"end":{"line":null,"column":-1}},"loc":{"start":{"line":97,"column":19},"end":{"line":97,"column":8}}},"11":{"name":"startGame","decl":{"start":{"line":32,"column":6},"end":{"line":101,"column":13}},"loc":{"start":{"line":101,"column":50},"end":{"line":32,"column":6}}},"12":{"name":"(anonymous_13)","decl":{"start":{"line":102,"column":27},"end":{"line":102,"column":27}},"loc":{"start":{"line":102,"column":40},"end":{"line":102,"column":15}}},"13":{"name":"(anonymous_14)","decl":{"start":{"line":105,"column":23},"end":{"line":105,"column":28}},"loc":{"start":{"line":105,"column":29},"end":{"line":105,"column":12}}},"14":{"name":"(anonymous_15)","decl":{"start":{"line":112,"column":22},"end":{"line":null,"column":-1}},"loc":{"start":{"line":112,"column":22},"end":{"line":112,"column":16}}},"15":{"name":"move","decl":{"start":{"line":32,"column":6},"end":{"line":136,"column":8}},"loc":{"start":{"line":136,"column":53},"end":{"line":32,"column":6}}}},"branchMap":{"0":{"loc":{"start":{"line":41,"column":8},"end":{"line":42,"column":12}},"type":"if","locations":[{"start":{"line":41,"column":8},"end":{"line":42,"column":12}},{"start":{"line":41,"column":8},"end":{"line":42,"column":12}}]},"1":{"loc":{"start":{"line":142,"column":8},"end":{"line":161,"column":9}},"type":"if","locations":[{"start":{"line":142,"column":8},"end":{"line":161,"column":9}},{"start":{"line":142,"column":8},"end":{"line":161,"column":9}}]},"2":{"loc":{"start":{"line":144,"column":15},"end":{"line":161,"column":9}},"type":"if","locations":[{"start":{"line":144,"column":15},"end":{"line":161,"column":9}},{"start":{"line":144,"column":15},"end":{"line":161,"column":9}}]},"3":{"loc":{"start":{"line":147,"column":12},"end":{"line":150,"column":16}},"type":"if","locations":[{"start":{"line":147,"column":12},"end":{"line":150,"column":16}},{"start":{"line":147,"column":12},"end":{"line":150,"column":16}}]},"4":{"loc":{"start":{"line":153,"column":28},"end":{"line":153,"column":82}},"type":"cond-expr","locations":[{"start":{"line":153,"column":28},"end":{"line":153,"column":82}},{"start":{"line":153,"column":83},"end":{"line":153,"column":91}}]},"5":{"loc":{"start":{"line":155,"column":15},"end":{"line":161,"column":9}},"type":"if","locations":[{"start":{"line":155,"column":15},"end":{"line":161,"column":9}},{"start":{"line":155,"column":15},"end":{"line":161,"column":9}}]},"6":{"loc":{"start":{"line":157,"column":15},"end":{"line":161,"column":9}},"type":"if","locations":[{"start":{"line":157,"column":15},"end":{"line":161,"column":9}},{"start":{"line":157,"column":15},"end":{"line":161,"column":9}}]},"7":{"loc":{"start":{"line":159,"column":15},"end":{"line":161,"column":9}},"type":"if","locations":[{"start":{"line":159,"column":15},"end":{"line":161,"column":9}},{"start":{"line":159,"column":15},"end":{"line":161,"column":9}}]}},"s":{"0":0,"1":0,"2":0,"3":0,"4":0,"5":0,"6":0,"7":0,"8":0,"9":0,"10":0,"11":0,"12":0,"13":0,"14":0,"15":0,"16":0,"17":0,"18":0,"19":0,"20":0,"21":0,"22":0,"23":0,"24":0,"25":0,"26":0,"27":0,"28":0,"29":0,"30":0,"31":0,"32":0,"33":0,"34":0,"35":0,"36":0,"37":0,"38":0,"39":0,"40":0,"41":0,"42":0,"43":0,"44":0,"45":0,"46":0,"47":0,"48":0,"49":0,"50":0,"51":0,"52":0,"53":0,"54":0,"55":0,"56":0,"57":0,"58":0,"59":0,"60":0,"61":0,"62":0,"63":0,"64":0,"65":0,"66":0,"67":0,"68":0,"69":0,"70":0,"71":0,"72":0,"73":0,"74":0,"75":0,"76":0,"77":0},"f":{"0":0,"1":0,"2":0,"3":0,"4":0,"5":0,"6":0,"7":0,"8":0,"9":0,"10":0,"11":0,"12":0,"13":0,"14":0,"15":0},"b":{"0":[0,0],"1":[0,0],"2":[0,0],"3":[0,0],"4":[0,0],"5":[0,0],"6":[0,0],"7":[0,0]}}
,"/Users/lcharvol/Documents/Projets/redTetris/src/server/models/Piece.js": {"path":"/Users/lcharvol/Documents/Projets/redTetris/src/server/models/Piece.js","statementMap":{"0":{"start":{"line":1,"column":0},"end":{"line":null,"column":-1}},"1":{"start":{"line":3,"column":0},"end":{"line":null,"column":-1}},"2":{"start":{"line":6,"column":0},"end":{"line":null,"column":-1}},"3":{"start":{"line":7,"column":0},"end":{"line":null,"column":-1}},"4":{"start":{"line":8,"column":0},"end":{"line":null,"column":-1}},"5":{"start":{"line":9,"column":0},"end":{"line":null,"column":-1}},"6":{"start":{"line":11,"column":20},"end":{"line":11,"column":0}},"7":{"start":{"line":13,"column":14},"end":{"line":13,"column":0}},"8":{"start":{"line":15,"column":24},"end":{"line":15,"column":8}},"9":{"start":{"line":16,"column":25},"end":{"line":16,"column":8}},"10":{"start":{"line":17,"column":8},"end":{"line":null,"column":-1}},"11":{"start":{"line":27,"column":8},"end":{"line":null,"column":-1}},"12":{"start":{"line":30,"column":8},"end":{"line":null,"column":-1}},"13":{"start":{"line":33,"column":8},"end":{"line":null,"column":-1}},"14":{"start":{"line":34,"column":12},"end":{"line":35,"column":16}},"15":{"start":{"line":35,"column":16},"end":{"line":null,"column":-1}},"16":{"start":{"line":37,"column":8},"end":{"line":null,"column":-1}},"17":{"start":{"line":40,"column":63},"end":{"line":39,"column":30}},"18":{"start":{"line":41,"column":14},"end":{"line":41,"column":8}},"19":{"start":{"line":42,"column":25},"end":{"line":42,"column":8}},"20":{"start":{"line":44,"column":8},"end":{"line":null,"column":-1}},"21":{"start":{"line":45,"column":12},"end":{"line":45,"column":28}},"22":{"start":{"line":45,"column":28},"end":{"line":null,"column":-1}},"23":{"start":{"line":46,"column":31},"end":{"line":46,"column":12}},"24":{"start":{"line":47,"column":25},"end":{"line":47,"column":12}},"25":{"start":{"line":48,"column":12},"end":{"line":49,"column":16}},"26":{"start":{"line":49,"column":16},"end":{"line":null,"column":-1}},"27":{"start":{"line":50,"column":12},"end":{"line":null,"column":-1}},"28":{"start":{"line":56,"column":8},"end":{"line":null,"column":-1}}},"fnMap":{"0":{"name":"getRandomPiece","decl":{"start":{"line":13,"column":14},"end":{"line":14,"column":20}},"loc":{"start":{"line":14,"column":21},"end":{"line":13,"column":14}}},"1":{"name":"newPiece","decl":{"start":{"line":13,"column":14},"end":{"line":26,"column":14}},"loc":{"start":{"line":26,"column":15},"end":{"line":13,"column":14}}},"2":{"name":"getCellColor","decl":{"start":{"line":13,"column":14},"end":{"line":29,"column":18}},"loc":{"start":{"line":29,"column":19},"end":{"line":13,"column":14}}},"3":{"name":"setAllCellsInactive","decl":{"start":{"line":13,"column":14},"end":{"line":32,"column":23}},"loc":{"start":{"line":32,"column":31},"end":{"line":13,"column":14}}},"4":{"name":"(anonymous_5)","decl":{"start":{"line":33,"column":18},"end":{"line":33,"column":18}},"loc":{"start":{"line":33,"column":32},"end":{"line":33,"column":8}}},"5":{"name":"addPiece","decl":{"start":{"line":13,"column":14},"end":{"line":39,"column":12}},"loc":{"start":{"line":39,"column":30},"end":{"line":57,"column":5}}},"6":{"name":"(anonymous_7)","decl":{"start":{"line":44,"column":27},"end":{"line":44,"column":27}},"loc":{"start":{"line":44,"column":42},"end":{"line":44,"column":8}}}},"branchMap":{"0":{"loc":{"start":{"line":34,"column":12},"end":{"line":35,"column":16}},"type":"if","locations":[{"start":{"line":34,"column":12},"end":{"line":35,"column":16}},{"start":{"line":34,"column":12},"end":{"line":35,"column":16}}]},"1":{"loc":{"start":{"line":45,"column":12},"end":{"line":45,"column":28}},"type":"if","locations":[{"start":{"line":45,"column":12},"end":{"line":45,"column":28}},{"start":{"line":45,"column":12},"end":{"line":45,"column":28}}]},"2":{"loc":{"start":{"line":48,"column":12},"end":{"line":49,"column":16}},"type":"if","locations":[{"start":{"line":48,"column":12},"end":{"line":49,"column":16}},{"start":{"line":48,"column":12},"end":{"line":49,"column":16}}]},"3":{"loc":{"start":{"line":52,"column":37},"end":{"line":52,"column":23}},"type":"cond-expr","locations":[{"start":{"line":52,"column":37},"end":{"line":52,"column":23}},{"start":{"line":52,"column":55},"end":{"line":50,"column":30}}]},"4":{"loc":{"start":{"line":53,"column":41},"end":{"line":53,"column":24}},"type":"cond-expr","locations":[{"start":{"line":53,"column":41},"end":{"line":53,"column":24}},{"start":{"line":53,"column":49},"end":{"line":null,"column":-1}}]}},"s":{"0":0,"1":0,"2":0,"3":0,"4":0,"5":0,"6":0,"7":0,"8":0,"9":0,"10":0,"11":0,"12":0,"13":0,"14":0,"15":0,"16":0,"17":0,"18":0,"19":0,"20":0,"21":0,"22":0,"23":0,"24":0,"25":0,"26":0,"27":0,"28":0},"f":{"0":0,"1":0,"2":0,"3":0,"4":0,"5":0,"6":0},"b":{"0":[0,0],"1":[0,0],"2":[0,0],"3":[0,0],"4":[0,0]}}
,"/Users/lcharvol/Documents/Projets/redTetris/src/server/models/Player.js": {"path":"/Users/lcharvol/Documents/Projets/redTetris/src/server/models/Player.js","statementMap":{"0":{"start":{"line":1,"column":0},"end":{"line":null,"column":-1}},"1":{"start":{"line":2,"column":0},"end":{"line":null,"column":-1}},"2":{"start":{"line":3,"column":0},"end":{"line":null,"column":-1}},"3":{"start":{"line":5,"column":0},"end":{"line":null,"column":-1}},"4":{"start":{"line":6,"column":0},"end":{"line":null,"column":-1}},"5":{"start":{"line":8,"column":0},"end":{"line":null,"column":-1}},"6":{"start":{"line":10,"column":21},"end":{"line":10,"column":0}},"7":{"start":{"line":12,"column":15},"end":{"line":12,"column":0}},"8":{"start":{"line":15,"column":8},"end":{"line":null,"column":-1}},"9":{"start":{"line":16,"column":28},"end":{"line":16,"column":12}},"10":{"start":{"line":17,"column":12},"end":{"line":33,"column":13}},"11":{"start":{"line":18,"column":42},"end":{"line":17,"column":31}},"12":{"start":{"line":17,"column":31},"end":{"line":17,"column":30}},"13":{"start":{"line":19,"column":27},"end":{"line":19,"column":16}},"14":{"start":{"line":20,"column":31},"end":{"line":20,"column":16}},"15":{"start":{"line":21,"column":16},"end":{"line":null,"column":-1}},"16":{"start":{"line":22,"column":16},"end":{"line":null,"column":-1}},"17":{"start":{"line":23,"column":16},"end":{"line":24,"column":20}},"18":{"start":{"line":24,"column":20},"end":{"line":null,"column":-1}},"19":{"start":{"line":25,"column":16},"end":{"line":null,"column":-1}},"20":{"start":{"line":26,"column":16},"end":{"line":27,"column":20}},"21":{"start":{"line":27,"column":20},"end":{"line":null,"column":-1}},"22":{"start":{"line":28,"column":16},"end":{"line":null,"column":-1}},"23":{"start":{"line":32,"column":16},"end":{"line":null,"column":-1}},"24":{"start":{"line":35,"column":8},"end":{"line":null,"column":-1}},"25":{"start":{"line":39,"column":35},"end":{"line":38,"column":55}},"26":{"start":{"line":40,"column":26},"end":{"line":40,"column":8}},"27":{"start":{"line":41,"column":21},"end":{"line":41,"column":8}},"28":{"start":{"line":42,"column":25},"end":{"line":42,"column":8}},"29":{"start":{"line":44,"column":8},"end":{"line":45,"column":12}},"30":{"start":{"line":45,"column":12},"end":{"line":null,"column":-1}},"31":{"start":{"line":46,"column":8},"end":{"line":90,"column":9}},"32":{"start":{"line":47,"column":35},"end":{"line":47,"column":12}},"33":{"start":{"line":49,"column":12},"end":{"line":56,"column":13}},"34":{"start":{"line":50,"column":16},"end":{"line":null,"column":-1}},"35":{"start":{"line":51,"column":16},"end":{"line":null,"column":-1}},"36":{"start":{"line":54,"column":16},"end":{"line":null,"column":-1}},"37":{"start":{"line":55,"column":16},"end":{"line":null,"column":-1}},"38":{"start":{"line":58,"column":34},"end":{"line":58,"column":12}},"39":{"start":{"line":59,"column":35},"end":{"line":59,"column":12}},"40":{"start":{"line":60,"column":32},"end":{"line":60,"column":12}},"41":{"start":{"line":62,"column":12},"end":{"line":89,"column":13}},"42":{"start":{"line":63,"column":16},"end":{"line":null,"column":-1}},"43":{"start":{"line":64,"column":19},"end":{"line":89,"column":13}},"44":{"start":{"line":65,"column":16},"end":{"line":null,"column":-1}},"45":{"start":{"line":66,"column":16},"end":{"line":null,"column":-1}},"46":{"start":{"line":69,"column":24},"end":{"line":68,"column":16}},"47":{"start":{"line":79,"column":16},"end":{"line":null,"column":-1}},"48":{"start":{"line":80,"column":16},"end":{"line":81,"column":21}},"49":{"start":{"line":80,"column":34},"end":{"line":80,"column":16}},"50":{"start":{"line":81,"column":21},"end":{"line":null,"column":-1}},"51":{"start":{"line":82,"column":32},"end":{"line":82,"column":16}},"52":{"start":{"line":83,"column":16},"end":{"line":null,"column":-1}},"53":{"start":{"line":87,"column":16},"end":{"line":null,"column":-1}},"54":{"start":{"line":88,"column":16},"end":{"line":null,"column":-1}},"55":{"start":{"line":91,"column":8},"end":{"line":null,"column":-1}}},"fnMap":{"0":{"name":"disconnect","decl":{"start":{"line":12,"column":15},"end":{"line":14,"column":14}},"loc":{"start":{"line":14,"column":52},"end":{"line":12,"column":15}}},"1":{"name":"(anonymous_2)","decl":{"start":{"line":15,"column":18},"end":{"line":15,"column":18}},"loc":{"start":{"line":15,"column":32},"end":{"line":15,"column":8}}},"2":{"name":"joinRoom","decl":{"start":{"line":12,"column":15},"end":{"line":38,"column":12}},"loc":{"start":{"line":38,"column":55},"end":{"line":92,"column":5}}}},"branchMap":{"0":{"loc":{"start":{"line":17,"column":12},"end":{"line":33,"column":13}},"type":"if","locations":[{"start":{"line":17,"column":12},"end":{"line":33,"column":13}},{"start":{"line":17,"column":12},"end":{"line":33,"column":13}}]},"1":{"loc":{"start":{"line":23,"column":16},"end":{"line":24,"column":20}},"type":"if","locations":[{"start":{"line":23,"column":16},"end":{"line":24,"column":20}},{"start":{"line":23,"column":16},"end":{"line":24,"column":20}}]},"2":{"loc":{"start":{"line":26,"column":16},"end":{"line":27,"column":20}},"type":"if","locations":[{"start":{"line":26,"column":16},"end":{"line":27,"column":20}},{"start":{"line":26,"column":16},"end":{"line":27,"column":20}}]},"3":{"loc":{"start":{"line":42,"column":25},"end":{"line":42,"column":24}},"type":"binary-expr","locations":[{"start":{"line":42,"column":25},"end":{"line":42,"column":24}},{"start":{"line":42,"column":43},"end":{"line":42,"column":8}}]},"4":{"loc":{"start":{"line":44,"column":8},"end":{"line":45,"column":12}},"type":"if","locations":[{"start":{"line":44,"column":8},"end":{"line":45,"column":12}},{"start":{"line":44,"column":8},"end":{"line":45,"column":12}}]},"5":{"loc":{"start":{"line":44,"column":11},"end":{"line":44,"column":10}},"type":"binary-expr","locations":[{"start":{"line":44,"column":11},"end":{"line":44,"column":10}},{"start":{"line":44,"column":37},"end":{"line":44,"column":8}}]},"6":{"loc":{"start":{"line":46,"column":8},"end":{"line":90,"column":9}},"type":"if","locations":[{"start":{"line":46,"column":8},"end":{"line":90,"column":9}},{"start":{"line":46,"column":8},"end":{"line":90,"column":9}}]},"7":{"loc":{"start":{"line":49,"column":12},"end":{"line":56,"column":13}},"type":"if","locations":[{"start":{"line":49,"column":12},"end":{"line":56,"column":13}},{"start":{"line":49,"column":12},"end":{"line":56,"column":13}}]},"8":{"loc":{"start":{"line":59,"column":52},"end":{"line":59,"column":35}},"type":"cond-expr","locations":[{"start":{"line":59,"column":52},"end":{"line":59,"column":35}},{"start":{"line":59,"column":60},"end":{"line":59,"column":12}}]},"9":{"loc":{"start":{"line":60,"column":48},"end":{"line":60,"column":32}},"type":"cond-expr","locations":[{"start":{"line":60,"column":48},"end":{"line":60,"column":32}},{"start":{"line":60,"column":69},"end":{"line":60,"column":12}}]},"10":{"loc":{"start":{"line":62,"column":12},"end":{"line":89,"column":13}},"type":"if","locations":[{"start":{"line":62,"column":12},"end":{"line":89,"column":13}},{"start":{"line":62,"column":12},"end":{"line":89,"column":13}}]},"11":{"loc":{"start":{"line":64,"column":19},"end":{"line":89,"column":13}},"type":"if","locations":[{"start":{"line":64,"column":19},"end":{"line":89,"column":13}},{"start":{"line":64,"column":19},"end":{"line":89,"column":13}}]},"12":{"loc":{"start":{"line":71,"column":51},"end":{"line":71,"column":35}},"type":"cond-expr","locations":[{"start":{"line":71,"column":51},"end":{"line":71,"column":35}},{"start":{"line":71,"column":59},"end":{"line":69,"column":24}}]},"13":{"loc":{"start":{"line":80,"column":16},"end":{"line":81,"column":21}},"type":"if","locations":[{"start":{"line":80,"column":16},"end":{"line":81,"column":21}},{"start":{"line":80,"column":16},"end":{"line":81,"column":21}}]},"14":{"loc":{"start":{"line":82,"column":32},"end":{"line":82,"column":51}},"type":"binary-expr","locations":[{"start":{"line":82,"column":32},"end":{"line":82,"column":51}},{"start":{"line":82,"column":52},"end":{"line":82,"column":16}}]}},"s":{"0":0,"1":0,"2":0,"3":0,"4":0,"5":0,"6":0,"7":0,"8":0,"9":0,"10":0,"11":0,"12":0,"13":0,"14":0,"15":0,"16":0,"17":0,"18":0,"19":0,"20":0,"21":0,"22":0,"23":0,"24":0,"25":0,"26":0,"27":0,"28":0,"29":0,"30":0,"31":0,"32":0,"33":0,"34":0,"35":0,"36":0,"37":0,"38":0,"39":0,"40":0,"41":0,"42":0,"43":0,"44":0,"45":0,"46":0,"47":0,"48":0,"49":0,"50":0,"51":0,"52":0,"53":0,"54":0,"55":0},"f":{"0":0,"1":0,"2":0},"b":{"0":[0,0],"1":[0,0],"2":[0,0],"3":[0,0],"4":[0,0],"5":[0,0],"6":[0,0],"7":[0,0],"8":[0,0],"9":[0,0],"10":[0,0],"11":[0,0],"12":[0,0],"13":[0,0],"14":[0,0]}}
,"/Users/lcharvol/Documents/Projets/redTetris/src/server/models/utils.js": {"path":"/Users/lcharvol/Documents/Projets/redTetris/src/server/models/utils.js","statementMap":{"0":{"start":{"line":1,"column":0},"end":{"line":null,"column":-1}},"1":{"start":{"line":3,"column":0},"end":{"line":null,"column":-1}},"2":{"start":{"line":4,"column":0},"end":{"line":null,"column":-1}},"3":{"start":{"line":5,"column":0},"end":{"line":null,"column":-1}},"4":{"start":{"line":7,"column":13},"end":{"line":7,"column":7}},"5":{"start":{"line":7,"column":27},"end":{"line":null,"column":-1}},"6":{"start":{"line":7,"column":52},"end":{"line":null,"column":-1}},"7":{"start":{"line":9,"column":13},"end":{"line":9,"column":7}},"8":{"start":{"line":9,"column":26},"end":{"line":null,"column":-1}},"9":{"start":{"line":11,"column":13},"end":{"line":11,"column":7}},"10":{"start":{"line":11,"column":28},"end":{"line":null,"column":-1}},"11":{"start":{"line":13,"column":13},"end":{"line":13,"column":7}},"12":{"start":{"line":13,"column":31},"end":{"line":null,"column":-1}},"13":{"start":{"line":15,"column":13},"end":{"line":15,"column":7}},"14":{"start":{"line":15,"column":30},"end":{"line":null,"column":-1}}},"fnMap":{"0":{"name":"removeToast","decl":{"start":{"line":7,"column":13},"end":{"line":7,"column":27}},"loc":{"start":{"line":7,"column":27},"end":{"line":7,"column":7}}},"1":{"name":"(anonymous_1)","decl":{"start":{"line":7,"column":52},"end":{"line":null,"column":-1}},"loc":{"start":{"line":7,"column":52},"end":{"line":7,"column":41}}},"2":{"name":"emitToRoom","decl":{"start":{"line":9,"column":13},"end":{"line":9,"column":26}},"loc":{"start":{"line":9,"column":26},"end":{"line":9,"column":7}}},"3":{"name":"emitToSocket","decl":{"start":{"line":11,"column":13},"end":{"line":11,"column":28}},"loc":{"start":{"line":11,"column":28},"end":{"line":11,"column":7}}},"4":{"name":"getRandomNumber","decl":{"start":{"line":13,"column":13},"end":{"line":13,"column":31}},"loc":{"start":{"line":13,"column":31},"end":{"line":13,"column":7}}},"5":{"name":"getRandomPiece","decl":{"start":{"line":15,"column":13},"end":{"line":15,"column":30}},"loc":{"start":{"line":15,"column":30},"end":{"line":15,"column":7}}}},"branchMap":{},"s":{"0":0,"1":0,"2":0,"3":0,"4":0,"5":0,"6":0,"7":0,"8":0,"9":0,"10":0,"11":0,"12":0,"13":0,"14":0},"f":{"0":0,"1":0,"2":0,"3":0,"4":0,"5":0},"b":{}}
}
