TN:
SF:/Users/lcharvol/Documents/Projets/redTetris/src/client/index.js
FN:30,(anonymous_1)
FN:37,(anonymous_2)
FN:46,Root
FNF:3
FNH:0
FNDA:0,(anonymous_1)
FNDA:0,(anonymous_2)
FNDA:0,Root
DA:1,0
DA:2,0
DA:3,0
DA:4,0
DA:5,0
DA:7,0
DA:8,0
DA:9,0
DA:16,0
DA:18,0
DA:19,0
DA:21,0
DA:22,0
DA:24,0
DA:27,0
DA:28,0
DA:30,0
DA:31,0
DA:32,0
DA:33,0
DA:34,0
DA:37,0
DA:38,0
DA:39,0
DA:42,0
DA:44,0
DA:46,0
DA:52,0
LF:28
LH:0
BRDA:32,0,0,0
BRDA:32,0,1,0
BRDA:33,1,0,0
BRDA:33,1,1,0
BRDA:34,2,0,0
BRDA:34,2,1,0
BRF:6
BRH:0
end_of_record
TN:
SF:/Users/lcharvol/Documents/Projets/redTetris/src/client/store.js
FN:27,configureStore
FNF:1
FNH:0
FNDA:0,configureStore
DA:1,0
DA:2,0
DA:3,0
DA:4,0
DA:6,0
DA:8,0
DA:18,0
DA:20,0
DA:27,0
LF:9
LH:0
BRF:0
BRH:0
end_of_record
TN:
SF:/Users/lcharvol/Documents/Projets/redTetris/src/client/utils.js
FN:11,(anonymous_0)
FN:13,(anonymous_1)
FN:15,(anonymous_2)
FN:22,(anonymous_3)
FN:30,(anonymous_4)
FNF:5
FNH:5
FNDA:5,(anonymous_0)
FNDA:1,(anonymous_1)
FNDA:2,(anonymous_2)
FNDA:2,(anonymous_3)
FNDA:1,(anonymous_4)
DA:11,5
DA:13,1
DA:15,1
DA:16,2
DA:17,2
DA:18,1
DA:19,1
DA:22,1
DA:23,2
DA:25,2
DA:26,1
DA:27,1
DA:30,1
LF:13
LH:13
BRDA:17,0,0,1
BRDA:17,0,1,1
BRDA:25,1,0,1
BRDA:25,1,1,1
BRF:4
BRH:4
end_of_record
TN:
SF:/Users/lcharvol/Documents/Projets/redTetris/src/client/actions/game.js
FN:12,setModalMessage
FN:12,(anonymous_1)
FN:14,deleteModalMessage
FN:14,(anonymous_3)
FN:16,updateGameInfo
FN:16,(anonymous_5)
FN:18,removeToast
FN:18,(anonymous_7)
FN:20,setErrorMessage
FN:20,(anonymous_9)
FNF:10
FNH:0
FNDA:0,setModalMessage
FNDA:0,(anonymous_1)
FNDA:0,deleteModalMessage
FNDA:0,(anonymous_3)
FNDA:0,updateGameInfo
FNDA:0,(anonymous_5)
FNDA:0,removeToast
FNDA:0,(anonymous_7)
FNDA:0,setErrorMessage
FNDA:0,(anonymous_9)
DA:1,0
DA:3,0
DA:5,0
DA:7,0
DA:9,0
DA:12,0
DA:14,0
DA:16,0
DA:18,0
DA:20,0
LF:10
LH:0
BRF:0
BRH:0
end_of_record
TN:
SF:/Users/lcharvol/Documents/Projets/redTetris/src/client/actions/move.js
FN:3,move
FN:3,(anonymous_1)
FN:16,moveCycle
FN:16,(anonymous_3)
FNF:4
FNH:0
FNDA:0,move
FNDA:0,(anonymous_1)
FNDA:0,moveCycle
FNDA:0,(anonymous_3)
DA:1,0
DA:3,0
DA:4,0
DA:6,0
DA:7,0
DA:8,0
DA:9,0
DA:10,0
DA:11,0
DA:12,0
DA:13,0
DA:16,0
LF:12
LH:0
BRDA:6,0,0,0
BRDA:6,0,1,0
BRDA:8,1,0,0
BRDA:8,1,1,0
BRDA:10,2,0,0
BRDA:10,2,1,0
BRDA:12,3,0,0
BRDA:12,3,1,0
BRF:8
BRH:0
end_of_record
TN:
SF:/Users/lcharvol/Documents/Projets/redTetris/src/client/components/Button/index.js
FN:5,Button
FNF:1
FNH:0
FNDA:0,Button
DA:1,0
DA:3,0
DA:5,0
LF:3
LH:0
BRF:0
BRH:0
end_of_record
TN:
SF:/Users/lcharvol/Documents/Projets/redTetris/src/client/components/Button/styles.js
FNF:0
FNH:0
DA:1,0
DA:2,0
DA:4,0
LF:3
LH:0
BRF:0
BRH:0
end_of_record
TN:
SF:/Users/lcharvol/Documents/Projets/redTetris/src/client/components/Cell/index.js
FN:5,(anonymous_0)
FNF:1
FNH:1
FNDA:1,(anonymous_0)
DA:5,1
DA:6,1
LF:2
LH:2
BRF:0
BRH:0
end_of_record
TN:
SF:/Users/lcharvol/Documents/Projets/redTetris/src/client/components/Cell/styles.js
FN:16,(anonymous_0)
FNF:1
FNH:0
FNDA:0,(anonymous_0)
DA:11,1
DA:16,0
LF:2
LH:1
BRF:0
BRH:0
end_of_record
TN:
SF:/Users/lcharvol/Documents/Projets/redTetris/src/client/components/ErrorModal/index.js
FN:10,ErrorModal
FNF:1
FNH:0
FNDA:0,ErrorModal
DA:1,0
DA:2,0
DA:4,0
DA:6,0
DA:10,0
DA:16,0
LF:6
LH:0
BRF:0
BRH:0
end_of_record
TN:
SF:/Users/lcharvol/Documents/Projets/redTetris/src/client/components/ErrorModal/styles.js
FNF:0
FNH:0
DA:1,0
DA:3,0
LF:2
LH:0
BRF:0
BRH:0
end_of_record
TN:
SF:/Users/lcharvol/Documents/Projets/redTetris/src/client/components/GameModal/index.js
FN:8,GameModal
FNF:1
FNH:0
FNDA:0,GameModal
DA:1,0
DA:2,0
DA:4,0
DA:8,0
LF:4
LH:0
BRDA:8,0,0,0
BRDA:8,0,1,0
BRF:2
BRH:0
end_of_record
TN:
SF:/Users/lcharvol/Documents/Projets/redTetris/src/client/components/GameModal/styles.js
FNF:0
FNH:0
DA:1,0
DA:3,0
LF:2
LH:0
BRF:0
BRH:0
end_of_record
TN:
SF:/Users/lcharvol/Documents/Projets/redTetris/src/client/components/StartButton/index.js
FN:25,StartButton
FN:35,onClick
FN:52,(anonymous_3)
FN:56,handleChangeOpacity
FN:56,(anonymous_5)
FNF:5
FNH:0
FNDA:0,StartButton
FNDA:0,onClick
FNDA:0,(anonymous_3)
FNDA:0,handleChangeOpacity
FNDA:0,(anonymous_5)
DA:1,0
DA:2,0
DA:9,0
DA:11,0
DA:16,0
DA:25,0
DA:36,0
DA:37,0
DA:38,0
DA:48,0
DA:52,0
DA:56,0
LF:12
LH:0
BRDA:36,0,0,0
BRDA:36,0,1,0
BRDA:52,1,0,0
BRDA:52,1,1,0
BRF:4
BRH:0
end_of_record
TN:
SF:/Users/lcharvol/Documents/Projets/redTetris/src/client/components/StartButton/styles.js
FN:11,(anonymous_1)
FNF:1
FNH:0
FNDA:0,(anonymous_1)
DA:1,0
DA:3,0
DA:5,0
DA:11,0
DA:15,0
LF:5
LH:0
BRDA:11,0,0,0
BRDA:11,0,1,0
BRF:2
BRH:0
end_of_record
TN:
SF:/Users/lcharvol/Documents/Projets/redTetris/src/client/components/Title/index.js
FN:15,Title
FNF:1
FNH:0
FNDA:0,Title
DA:1,0
DA:2,0
DA:4,0
DA:10,0
DA:15,0
DA:22,0
LF:6
LH:0
BRF:0
BRH:0
end_of_record
TN:
SF:/Users/lcharvol/Documents/Projets/redTetris/src/client/components/Title/styles.js
FNF:0
FNH:0
DA:1,0
DA:3,0
DA:5,0
DA:17,0
DA:22,0
LF:5
LH:0
BRF:0
BRH:0
end_of_record
TN:
SF:/Users/lcharvol/Documents/Projets/redTetris/src/client/components/Toast/index.js
FN:6,Toast
FNF:1
FNH:0
FNDA:0,Toast
DA:1,0
DA:2,0
DA:4,0
DA:6,0
LF:4
LH:0
BRF:0
BRH:0
end_of_record
TN:
SF:/Users/lcharvol/Documents/Projets/redTetris/src/client/components/Toast/styles.js
FNF:0
FNH:0
DA:1,0
DA:3,0
LF:2
LH:0
BRF:0
BRH:0
end_of_record
TN:
SF:/Users/lcharvol/Documents/Projets/redTetris/src/client/constants/board.js
FN:11,(anonymous_0)
FNF:1
FNH:1
FNDA:200,(anonymous_0)
DA:5,1
DA:7,1
DA:9,1
DA:11,200
LF:4
LH:4
BRF:0
BRH:0
end_of_record
TN:
SF:/Users/lcharvol/Documents/Projets/redTetris/src/client/constants/cell.js
FNF:0
FNH:0
DA:3,1
DA:5,1
DA:7,1
LF:3
LH:3
BRF:0
BRH:0
end_of_record
TN:
SF:/Users/lcharvol/Documents/Projets/redTetris/src/client/constants/colors.js
FNF:0
FNH:0
DA:3,2
DA:5,2
DA:7,2
DA:9,2
DA:11,2
DA:13,2
DA:15,2
DA:21,2
LF:8
LH:8
BRF:0
BRH:0
end_of_record
TN:
SF:/Users/lcharvol/Documents/Projets/redTetris/src/client/constants/index.js
FNF:0
FNH:0
LF:0
LH:0
BRF:0
BRH:0
end_of_record
TN:
SF:/Users/lcharvol/Documents/Projets/redTetris/src/client/containers/App/index.js
FN:62,App
FN:89,(anonymous_2)
FN:91,onKeyDown
FN:123,mapDispatchToProps
FN:125,mapStateToProps
FNF:5
FNH:0
FNDA:0,App
FNDA:0,(anonymous_2)
FNDA:0,onKeyDown
FNDA:0,mapDispatchToProps
FNDA:0,mapStateToProps
DA:1,0
DA:2,0
DA:3,0
DA:4,0
DA:5,0
DA:11,0
DA:13,0
DA:19,0
DA:34,0
DA:35,0
DA:36,0
DA:37,0
DA:38,0
DA:39,0
DA:40,0
DA:41,0
DA:42,0
DA:43,0
DA:45,0
DA:62,0
DA:89,0
DA:91,0
DA:118,0
DA:123,0
DA:125,0
DA:141,0
LF:26
LH:0
BRDA:83,0,0,0
BRDA:83,0,1,0
BRDA:84,1,0,0
BRDA:84,1,1,0
BRDA:84,1,2,0
BRDA:98,2,0,0
BRDA:98,2,1,0
BRDA:103,3,0,0
BRDA:103,3,1,0
BRDA:114,4,0,0
BRDA:114,4,1,0
BRF:11
BRH:0
end_of_record
TN:
SF:/Users/lcharvol/Documents/Projets/redTetris/src/client/containers/App/styles.js
FN:44,(anonymous_1)
FNF:1
FNH:0
FNDA:0,(anonymous_1)
DA:1,0
DA:3,0
DA:7,0
DA:20,0
DA:27,0
DA:39,0
DA:44,0
LF:7
LH:0
BRDA:44,0,0,0
BRDA:44,0,1,0
BRF:2
BRH:0
end_of_record
TN:
SF:/Users/lcharvol/Documents/Projets/redTetris/src/client/containers/Board/index.js
FN:29,Board
FN:41,(anonymous_2)
FN:53,(anonymous_3)
FN:57,handleChangeSize
FN:57,(anonymous_5)
FN:62,componentWillReceiveProps
FNF:6
FNH:0
FNDA:0,Board
FNDA:0,(anonymous_2)
FNDA:0,(anonymous_3)
FNDA:0,handleChangeSize
FNDA:0,(anonymous_5)
FNDA:0,componentWillReceiveProps
DA:1,0
DA:2,0
DA:3,0
DA:9,0
DA:11,0
DA:16,0
DA:17,0
DA:18,0
DA:20,0
DA:29,0
DA:41,0
DA:49,0
DA:53,0
DA:57,0
DA:64,0
DA:65,0
LF:16
LH:0
BRDA:30,0,0,0
BRDA:30,0,1,0
BRDA:31,1,0,0
BRDA:31,1,1,0
BRDA:32,2,0,0
BRDA:32,2,1,0
BRDA:33,3,0,0
BRDA:33,3,1,0
BRDA:34,4,0,0
BRDA:34,4,1,0
BRDA:39,5,0,0
BRDA:39,5,1,0
BRDA:53,6,0,0
BRDA:53,6,1,0
BRDA:64,7,0,0
BRDA:64,7,1,0
BRDA:64,8,0,0
BRDA:64,8,1,0
BRF:18
BRH:0
end_of_record
TN:
SF:/Users/lcharvol/Documents/Projets/redTetris/src/client/containers/Board/styles.js
FN:10,(anonymous_1)
FN:28,(anonymous_2)
FN:29,(anonymous_3)
FN:30,(anonymous_4)
FN:31,(anonymous_5)
FN:32,(anonymous_6)
FNF:6
FNH:0
FNDA:0,(anonymous_1)
FNDA:0,(anonymous_2)
FNDA:0,(anonymous_3)
FNDA:0,(anonymous_4)
FNDA:0,(anonymous_5)
FNDA:0,(anonymous_6)
DA:1,0
DA:3,0
DA:4,0
DA:6,0
DA:10,0
DA:13,0
DA:28,0
DA:29,0
DA:30,0
DA:31,0
DA:32,0
DA:36,0
LF:12
LH:0
BRDA:10,0,0,0
BRDA:10,0,1,0
BRDA:29,1,0,0
BRDA:29,1,1,0
BRDA:30,2,0,0
BRDA:30,2,1,0
BRDA:31,3,0,0
BRDA:31,3,1,0
BRDA:32,4,0,0
BRDA:32,4,1,0
BRF:10
BRH:0
end_of_record
TN:
SF:/Users/lcharvol/Documents/Projets/redTetris/src/client/containers/GameInfo/index.js
FN:22,GameInfo
FN:25,(anonymous_2)
FN:37,mapStateToProps
FNF:3
FNH:0
FNDA:0,GameInfo
FNDA:0,(anonymous_2)
FNDA:0,mapStateToProps
DA:1,0
DA:2,0
DA:3,0
DA:4,0
DA:5,0
DA:7,0
DA:8,0
DA:16,0
DA:22,0
DA:25,0
DA:35,0
DA:37,0
LF:12
LH:0
BRDA:28,0,0,0
BRDA:28,0,1,0
BRDA:29,1,0,0
BRDA:29,1,1,0
BRF:4
BRH:0
end_of_record
TN:
SF:/Users/lcharvol/Documents/Projets/redTetris/src/client/containers/GameInfo/styles.js
FNF:0
FNH:0
DA:1,0
DA:3,0
DA:5,0
DA:17,0
DA:25,0
DA:37,0
DA:47,0
LF:7
LH:0
BRF:0
BRH:0
end_of_record
TN:
SF:/Users/lcharvol/Documents/Projets/redTetris/src/client/containers/Login/index.js
FN:8,Login
FNF:1
FNH:0
FNDA:0,Login
DA:1,0
DA:3,0
DA:6,0
DA:8,0
LF:4
LH:0
BRF:0
BRH:0
end_of_record
TN:
SF:/Users/lcharvol/Documents/Projets/redTetris/src/client/containers/Login/styles.js
FNF:0
FNH:0
DA:1,0
DA:3,0
DA:5,0
DA:16,0
LF:4
LH:0
BRF:0
BRH:0
end_of_record
TN:
SF:/Users/lcharvol/Documents/Projets/redTetris/src/client/containers/Spectre/index.js
FN:15,Spectre
FN:18,(anonymous_2)
FNF:2
FNH:0
FNDA:0,Spectre
FNDA:0,(anonymous_2)
DA:1,0
DA:2,0
DA:4,0
DA:11,0
DA:15,0
DA:18,0
DA:26,0
LF:7
LH:0
BRDA:19,0,0,0
BRDA:19,0,1,0
BRF:2
BRH:0
end_of_record
TN:
SF:/Users/lcharvol/Documents/Projets/redTetris/src/client/containers/Spectre/styles.js
FNF:0
FNH:0
DA:1,0
DA:2,0
DA:4,0
DA:15,0
DA:26,0
DA:32,0
LF:6
LH:0
BRF:0
BRH:0
end_of_record
TN:
SF:/Users/lcharvol/Documents/Projets/redTetris/src/client/middlewares/storeStateMiddleWare.js
FN:1,storeStateMiddleWare
FN:2,(anonymous_1)
FN:2,(anonymous_2)
FNF:3
FNH:0
FNDA:0,storeStateMiddleWare
FNDA:0,(anonymous_1)
FNDA:0,(anonymous_2)
DA:1,0
DA:2,0
DA:3,0
DA:4,0
DA:5,0
LF:5
LH:0
BRF:0
BRH:0
end_of_record
TN:
SF:/Users/lcharvol/Documents/Projets/redTetris/src/client/reducers/game.js
FN:20,reducer
FNF:1
FNH:0
FNDA:0,reducer
DA:1,0
DA:2,0
DA:10,0
DA:20,0
DA:21,0
DA:23,0
DA:25,0
DA:27,0
DA:28,0
DA:29,0
DA:31,0
DA:33,0
DA:35,0
LF:13
LH:0
BRDA:20,0,0,0
BRDA:20,0,1,0
BRDA:20,1,0,0
BRDA:20,1,1,0
BRDA:22,2,0,0
BRDA:22,2,1,0
BRDA:22,2,2,0
BRDA:22,2,3,0
BRDA:22,2,4,0
BRDA:22,2,5,0
BRDA:27,3,0,0
BRDA:27,3,1,0
BRF:12
BRH:0
end_of_record
TN:
SF:/Users/lcharvol/Documents/Projets/redTetris/src/client/reducers/index.js
FNF:0
FNH:0
DA:1,0
DA:3,0
DA:5,0
LF:3
LH:0
BRF:0
BRH:0
end_of_record
TN:
SF:/Users/lcharvol/Documents/Projets/redTetris/src/client/selectors/game.js
FN:9,getIsGameStarted
FN:11,getDisplayModal
FN:12,getModalMessage
FN:14,getMe
FN:16,getEnemyName
FN:25,getOwner
FN:35,getRoomName
FN:37,getMyBoard
FN:45,getEnemyBoard
FN:54,getToasts
FN:56,getErrorMessage
FN:58,getUsers
FN:60,getUsersNames
FN:65,(anonymous_14)
FN:69,getOwnerName
FN:74,(anonymous_16)
FNF:16
FNH:0
FNDA:0,getIsGameStarted
FNDA:0,getDisplayModal
FNDA:0,getModalMessage
FNDA:0,getMe
FNDA:0,getEnemyName
FNDA:0,getOwner
FNDA:0,getRoomName
FNDA:0,getMyBoard
FNDA:0,getEnemyBoard
FNDA:0,getToasts
FNDA:0,getErrorMessage
FNDA:0,getUsers
FNDA:0,getUsersNames
FNDA:0,(anonymous_14)
FNDA:0,getOwnerName
FNDA:0,(anonymous_16)
DA:1,0
DA:9,0
DA:11,0
DA:12,0
DA:14,0
DA:16,0
DA:17,0
DA:18,0
DA:19,0
DA:20,0
DA:22,0
DA:25,0
DA:26,0
DA:27,0
DA:28,0
DA:29,0
DA:30,0
DA:32,0
DA:35,0
DA:37,0
DA:38,0
DA:39,0
DA:40,0
DA:42,0
DA:45,0
DA:46,0
DA:47,0
DA:48,0
DA:49,0
DA:51,0
DA:54,0
DA:56,0
DA:58,0
DA:60,0
DA:61,0
DA:62,0
DA:63,0
DA:64,0
DA:65,0
DA:66,0
DA:69,0
DA:70,0
DA:71,0
DA:72,0
DA:73,0
DA:74,0
DA:75,0
LF:47
LH:0
BRDA:11,0,0,0
BRDA:11,0,1,0
BRDA:12,1,0,0
BRDA:12,1,1,0
BRDA:17,2,0,0
BRDA:17,2,1,0
BRDA:20,3,0,0
BRDA:20,3,1,0
BRDA:27,4,0,0
BRDA:27,4,1,0
BRDA:28,5,0,0
BRDA:28,5,1,0
BRDA:30,6,0,0
BRDA:30,6,1,0
BRDA:38,7,0,0
BRDA:38,7,1,0
BRDA:46,8,0,0
BRDA:46,8,1,0
BRDA:49,9,0,0
BRDA:49,9,1,0
BRDA:58,10,0,0
BRDA:58,10,1,0
BRDA:62,11,0,0
BRDA:62,11,1,0
BRDA:71,12,0,0
BRDA:71,12,1,0
BRDA:74,13,0,0
BRDA:74,13,1,0
BRF:28
BRH:0
end_of_record
TN:
SF:/Users/lcharvol/Documents/Projets/redTetris/src/server/boardManager.js
FN:19,deleteLine
FN:21,(anonymous_2)
FN:28,goDown
FN:31,(anonymous_4)
FN:37,checkBoard
FN:42,(anonymous_6)
FN:60,AddFullLine
FN:66,(anonymous_8)
FN:74,(anonymous_9)
FN:80,moveBottom
FN:87,(anonymous_11)
FN:122,(anonymous_12)
FN:143,moveRight
FN:149,(anonymous_14)
FN:156,(anonymous_15)
FN:164,(anonymous_16)
FN:171,moveLeft
FN:176,(anonymous_18)
FN:183,(anonymous_19)
FN:190,(anonymous_20)
FN:197,rotate
FN:206,(anonymous_22)
FNF:22
FNH:0
FNDA:0,deleteLine
FNDA:0,(anonymous_2)
FNDA:0,goDown
FNDA:0,(anonymous_4)
FNDA:0,checkBoard
FNDA:0,(anonymous_6)
FNDA:0,AddFullLine
FNDA:0,(anonymous_8)
FNDA:0,(anonymous_9)
FNDA:0,moveBottom
FNDA:0,(anonymous_11)
FNDA:0,(anonymous_12)
FNDA:0,moveRight
FNDA:0,(anonymous_14)
FNDA:0,(anonymous_15)
FNDA:0,(anonymous_16)
FNDA:0,moveLeft
FNDA:0,(anonymous_18)
FNDA:0,(anonymous_19)
FNDA:0,(anonymous_20)
FNDA:0,rotate
FNDA:0,(anonymous_22)
DA:1,0
DA:13,0
DA:14,0
DA:15,0
DA:16,0
DA:17,0
DA:19,0
DA:20,0
DA:21,0
DA:22,0
DA:24,0
DA:28,0
DA:29,0
DA:30,0
DA:31,0
DA:32,0
DA:34,0
DA:37,0
DA:38,0
DA:39,0
DA:40,0
DA:41,0
DA:42,0
DA:43,0
DA:44,0
DA:45,0
DA:46,0
DA:47,0
DA:48,0
DA:50,0
DA:51,0
DA:54,0
DA:60,0
DA:61,0
DA:62,0
DA:63,0
DA:65,0
DA:66,0
DA:67,0
DA:73,0
DA:74,0
DA:75,0
DA:77,0
DA:80,0
DA:81,0
DA:82,0
DA:83,0
DA:84,0
DA:85,0
DA:87,0
DA:88,0
DA:89,0
DA:90,0
DA:92,0
DA:93,0
DA:94,0
DA:98,0
DA:99,0
DA:100,0
DA:101,0
DA:103,0
DA:112,0
DA:122,0
DA:123,0
DA:124,0
DA:126,0
DA:127,0
DA:128,0
DA:129,0
DA:130,0
DA:131,0
DA:135,0
DA:136,0
DA:143,0
DA:144,0
DA:145,0
DA:146,0
DA:147,0
DA:149,0
DA:150,0
DA:151,0
DA:152,0
DA:153,0
DA:155,0
DA:156,0
DA:157,0
DA:158,0
DA:159,0
DA:160,0
DA:161,0
DA:162,0
DA:164,0
DA:165,0
DA:167,0
DA:168,0
DA:171,0
DA:172,0
DA:173,0
DA:174,0
DA:175,0
DA:176,0
DA:177,0
DA:178,0
DA:179,0
DA:180,0
DA:182,0
DA:183,0
DA:184,0
DA:185,0
DA:186,0
DA:187,0
DA:188,0
DA:190,0
DA:191,0
DA:193,0
DA:194,0
DA:197,0
DA:198,0
DA:199,0
DA:200,0
DA:201,0
DA:203,0
DA:204,0
DA:205,0
DA:206,0
DA:207,0
DA:208,0
DA:209,0
DA:211,0
DA:212,0
DA:214,0
DA:215,0
DA:216,0
DA:218,0
DA:220,0
DA:222,0
LF:136
LH:0
BRDA:43,0,0,0
BRDA:43,0,1,0
BRDA:43,1,0,0
BRDA:43,1,1,0
BRDA:45,2,0,0
BRDA:45,2,1,0
BRDA:46,3,0,0
BRDA:46,3,1,0
BRDA:90,4,0,0
BRDA:90,4,1,0
BRDA:90,4,2,0
BRDA:92,5,0,0
BRDA:92,5,1,0
BRDA:92,6,0,0
BRDA:92,6,1,0
BRDA:98,7,0,0
BRDA:98,7,1,0
BRDA:126,8,0,0
BRDA:126,8,1,0
BRDA:127,9,0,0
BRDA:127,9,1,0
BRDA:128,10,0,0
BRDA:128,10,1,0
BRDA:128,11,0,0
BRDA:128,11,1,0
BRDA:130,12,0,0
BRDA:130,12,1,0
BRDA:152,13,0,0
BRDA:152,13,1,0
BRDA:152,13,2,0
BRDA:153,14,0,0
BRDA:153,14,1,0
BRDA:153,15,0,0
BRDA:153,15,1,0
BRDA:155,16,0,0
BRDA:155,16,1,0
BRDA:158,17,0,0
BRDA:158,17,1,0
BRDA:160,18,0,0
BRDA:160,18,1,0
BRDA:160,19,0,0
BRDA:160,19,1,0
BRDA:179,20,0,0
BRDA:179,20,1,0
BRDA:179,20,2,0
BRDA:180,21,0,0
BRDA:180,21,1,0
BRDA:180,22,0,0
BRDA:180,22,1,0
BRDA:182,23,0,0
BRDA:182,23,1,0
BRDA:185,24,0,0
BRDA:185,24,1,0
BRDA:186,25,0,0
BRDA:186,25,1,0
BRDA:186,26,0,0
BRDA:186,26,1,0
BRDA:201,27,0,0
BRDA:201,27,1,0
BRDA:204,28,0,0
BRDA:204,28,1,0
BRDA:204,29,0,0
BRDA:204,29,1,0
BRDA:207,30,0,0
BRDA:207,30,1,0
BRDA:214,31,0,0
BRDA:214,31,1,0
BRF:67
BRH:0
end_of_record
TN:
SF:/Users/lcharvol/Documents/Projets/redTetris/src/server/index.js
FN:9,(anonymous_1)
FN:9,_callee
FNF:2
FNH:0
FNDA:0,(anonymous_1)
FNDA:0,_callee
DA:2,0
DA:4,0
DA:5,0
DA:7,0
DA:9,0
DA:11,0
DA:12,0
DA:13,0
DA:15,0
DA:19,0
LF:10
LH:0
BRDA:9,0,0,0
BRDA:9,0,1,0
BRDA:9,0,2,0
BRDA:9,0,3,0
BRDA:9,0,4,0
BRF:5
BRH:0
end_of_record
TN:
SF:/Users/lcharvol/Documents/Projets/redTetris/src/server/constants/actionsTypes.js
FNF:0
FNH:0
DA:1,0
DA:3,0
DA:5,0
LF:3
LH:0
BRF:0
BRH:0
end_of_record
TN:
SF:/Users/lcharvol/Documents/Projets/redTetris/src/server/constants/board.js
FN:5,(anonymous_0)
FNF:1
FNH:0
FNDA:0,(anonymous_0)
DA:1,0
DA:3,0
DA:5,0
LF:3
LH:0
BRF:0
BRH:0
end_of_record
TN:
SF:/Users/lcharvol/Documents/Projets/redTetris/src/server/constants/colors.js
FNF:0
FNH:0
DA:1,0
DA:3,0
DA:5,0
DA:7,0
DA:9,0
DA:11,0
LF:6
LH:0
BRF:0
BRH:0
end_of_record
TN:
SF:/Users/lcharvol/Documents/Projets/redTetris/src/server/constants/eventsTypes.js
FNF:0
FNH:0
DA:1,0
DA:3,0
DA:5,0
DA:7,0
LF:4
LH:0
BRF:0
BRH:0
end_of_record
TN:
SF:/Users/lcharvol/Documents/Projets/redTetris/src/server/constants/game.js
FNF:0
FNH:0
DA:1,0
DA:3,0
DA:5,0
LF:3
LH:0
BRF:0
BRH:0
end_of_record
TN:
SF:/Users/lcharvol/Documents/Projets/redTetris/src/server/constants/messages.js
FNF:0
FNH:0
DA:1,0
LF:1
LH:0
BRF:0
BRH:0
end_of_record
TN:
SF:/Users/lcharvol/Documents/Projets/redTetris/src/server/constants/movesTypes.js
FNF:0
FNH:0
DA:1,0
DA:3,0
DA:5,0
DA:7,0
LF:4
LH:0
BRF:0
BRH:0
end_of_record
TN:
SF:/Users/lcharvol/Documents/Projets/redTetris/src/server/constants/pieces.js
FNF:0
FNH:0
DA:1,0
DA:27,0
DA:35,0
DA:57,0
DA:79,0
DA:101,0
DA:123,0
DA:146,0
LF:8
LH:0
BRF:0
BRH:0
end_of_record
TN:
SF:/Users/lcharvol/Documents/Projets/redTetris/src/server/http/eventListener.js
FN:25,eventListener
FN:33,_callee
FN:32,(anonymous_4)
FN:39,_callee2
FN:39,_callee2$
FN:41,_callee3
FN:41,_callee3$
FN:46,(anonymous_11)
FNF:8
FNH:0
FNDA:0,eventListener
FNDA:0,_callee
FNDA:0,(anonymous_4)
FNDA:0,_callee2
FNDA:0,_callee2$
FNDA:0,_callee3
FNDA:0,_callee3$
FNDA:0,(anonymous_11)
DA:1,0
DA:2,0
DA:3,0
DA:5,0
DA:6,0
DA:7,0
DA:8,0
DA:13,0
DA:14,0
DA:18,0
DA:19,0
DA:21,0
DA:23,0
DA:25,0
DA:26,0
DA:27,0
DA:29,0
DA:30,0
DA:32,0
DA:33,0
DA:34,0
DA:35,0
DA:36,0
DA:39,0
DA:41,0
DA:42,0
DA:45,0
DA:46,0
DA:47,0
DA:48,0
DA:49,0
DA:50,0
DA:51,0
DA:52,0
DA:53,0
DA:54,0
DA:55,0
DA:56,0
DA:57,0
DA:58,0
DA:59,0
DA:61,0
DA:62,0
DA:63,0
DA:65,0
DA:83,0
DA:84,0
DA:85,0
DA:86,0
DA:87,0
DA:88,0
DA:90,0
DA:92,0
DA:94,0
LF:54
LH:0
BRDA:33,0,0,0
BRDA:33,0,1,0
BRDA:33,0,2,0
BRDA:39,1,0,0
BRDA:39,1,1,0
BRDA:39,1,2,0
BRDA:41,2,0,0
BRDA:41,2,1,0
BRDA:41,2,2,0
BRDA:41,2,3,0
BRDA:41,2,4,0
BRDA:41,3,0,0
BRDA:41,3,1,0
BRDA:49,4,0,0
BRDA:49,4,1,0
BRDA:52,5,0,0
BRDA:52,5,1,0
BRDA:54,6,0,0
BRDA:54,6,1,0
BRDA:55,7,0,0
BRDA:55,7,1,0
BRDA:55,7,2,0
BRDA:57,8,0,0
BRDA:57,8,1,0
BRDA:57,9,0,0
BRDA:57,9,1,0
BRDA:61,10,0,0
BRDA:61,10,1,0
BRDA:61,11,0,0
BRDA:61,11,1,0
BRDA:66,12,0,0
BRDA:66,12,1,0
BRDA:69,13,0,0
BRDA:69,13,1,0
BRDA:73,14,0,0
BRDA:73,14,1,0
BRDA:79,15,0,0
BRDA:79,15,1,0
BRDA:83,16,0,0
BRDA:83,16,1,0
BRDA:85,17,0,0
BRDA:85,17,1,0
BRDA:85,18,0,0
BRDA:85,18,1,0
BRDA:85,18,2,0
BRDA:92,19,0,0
BRDA:92,19,1,0
BRDA:94,20,0,0
BRDA:94,20,1,0
BRF:49
BRH:0
end_of_record
TN:
SF:/Users/lcharvol/Documents/Projets/redTetris/src/server/http/helpers.js
FN:5,getUrl
FN:7,bindCtx
FN:7,(anonymous_3)
FN:12,bindError
FN:13,(anonymous_5)
FN:26,bindLogger
FN:27,(anonymous_7)
FN:38,destination
FN:41,filename
FNF:9
FNH:0
FNDA:0,getUrl
FNDA:0,bindCtx
FNDA:0,(anonymous_3)
FNDA:0,bindError
FNDA:0,(anonymous_5)
FNDA:0,bindLogger
FNDA:0,(anonymous_7)
FNDA:0,destination
FNDA:0,filename
DA:1,0
DA:2,0
DA:3,0
DA:5,0
DA:7,0
DA:8,0
DA:9,0
DA:12,0
DA:13,0
DA:14,0
DA:15,0
DA:16,0
DA:17,0
DA:19,0
DA:20,0
DA:23,0
DA:26,0
DA:27,0
DA:28,0
DA:29,0
DA:30,0
DA:32,0
DA:33,0
DA:35,0
DA:37,0
DA:39,0
DA:42,0
LF:27
LH:0
BRF:0
BRH:0
end_of_record
TN:
SF:/Users/lcharvol/Documents/Projets/redTetris/src/server/http/index.js
FN:16,(anonymous_1)
FN:16,_callee2
FN:16,_callee2$
FN:20,(anonymous_4)
FN:26,(anonymous_5)
FN:26,_callee
FN:26,_callee$
FN:30,handler
FN:32,(anonymous_10)
FNF:9
FNH:0
FNDA:0,(anonymous_1)
FNDA:0,_callee2
FNDA:0,_callee2$
FNDA:0,(anonymous_4)
FNDA:0,(anonymous_5)
FNDA:0,_callee
FNDA:0,_callee$
FNDA:0,handler
FNDA:0,(anonymous_10)
DA:1,0
DA:2,0
DA:3,0
DA:5,0
DA:6,0
DA:8,0
DA:9,0
DA:10,0
DA:11,0
DA:13,0
DA:14,0
DA:16,0
DA:18,0
DA:20,0
DA:21,0
DA:22,0
DA:24,0
DA:26,0
DA:27,0
DA:30,0
DA:31,0
DA:32,0
DA:33,0
DA:34,0
DA:35,0
DA:36,0
DA:38,0
DA:39,0
LF:28
LH:0
BRDA:16,0,0,0
BRDA:16,0,1,0
BRDA:16,0,2,0
BRDA:16,0,3,0
BRDA:16,0,4,0
BRDA:16,0,5,0
BRDA:26,1,0,0
BRDA:26,1,1,0
BRDA:26,1,2,0
BRDA:31,2,0,0
BRDA:31,2,1,0
BRDA:33,3,0,0
BRDA:33,3,1,0
BRF:13
BRH:0
end_of_record
TN:
SF:/Users/lcharvol/Documents/Projets/redTetris/src/server/http/utils.js
FN:3,removeToast
FN:3,(anonymous_1)
FN:5,emitToRoom
FN:7,emitToSocket
FNF:4
FNH:0
FNDA:0,removeToast
FNDA:0,(anonymous_1)
FNDA:0,emitToRoom
FNDA:0,emitToSocket
DA:1,0
DA:3,0
DA:5,0
DA:7,0
LF:4
LH:0
BRF:0
BRH:0
end_of_record
TN:
SF:/Users/lcharvol/Documents/Projets/redTetris/src/server/models/Game.js
FN:32,newToast
FN:32,deleteRoom
FN:32,newToast
FN:32,addRoom
FN:32,removeRoom
FN:32,endGame
FN:32,initStart
FN:83,(anonymous_8)
FN:95,(anonymous_9)
FN:96,(anonymous_10)
FN:97,(anonymous_11)
FN:32,startGame
FN:102,(anonymous_13)
FN:105,(anonymous_14)
FN:112,(anonymous_15)
FN:32,move
FNF:16
FNH:0
FNDA:0,newToast
FNDA:0,deleteRoom
FNDA:0,newToast
FNDA:0,addRoom
FNDA:0,removeRoom
FNDA:0,endGame
FNDA:0,initStart
FNDA:0,(anonymous_8)
FNDA:0,(anonymous_9)
FNDA:0,(anonymous_10)
FNDA:0,(anonymous_11)
FNDA:0,startGame
FNDA:0,(anonymous_13)
FNDA:0,(anonymous_14)
FNDA:0,(anonymous_15)
FNDA:0,move
DA:1,0
DA:13,0
DA:14,0
DA:16,0
DA:17,0
DA:18,0
DA:19,0
DA:20,0
DA:21,0
DA:22,0
DA:28,0
DA:30,0
DA:32,0
DA:35,0
DA:36,0
DA:40,0
DA:41,0
DA:42,0
DA:43,0
DA:47,0
DA:51,0
DA:55,0
DA:56,0
DA:57,0
DA:58,0
DA:62,0
DA:64,0
DA:65,0
DA:73,0
DA:77,0
DA:78,0
DA:82,0
DA:83,0
DA:84,0
DA:86,0
DA:94,0
DA:95,0
DA:96,0
DA:97,0
DA:98,0
DA:102,0
DA:103,0
DA:104,0
DA:105,0
DA:106,0
DA:107,0
DA:108,0
DA:109,0
DA:110,0
DA:112,0
DA:122,0
DA:123,0
DA:130,0
DA:131,0
DA:137,0
DA:138,0
DA:139,0
DA:140,0
DA:142,0
DA:143,0
DA:144,0
DA:145,0
DA:146,0
DA:147,0
DA:148,0
DA:150,0
DA:155,0
DA:156,0
DA:157,0
DA:158,0
DA:159,0
DA:160,0
DA:162,0
DA:163,0
LF:74
LH:0
BRDA:41,0,0,0
BRDA:41,0,1,0
BRDA:142,1,0,0
BRDA:142,1,1,0
BRDA:144,2,0,0
BRDA:144,2,1,0
BRDA:147,3,0,0
BRDA:147,3,1,0
BRDA:153,4,0,0
BRDA:153,4,1,0
BRDA:155,5,0,0
BRDA:155,5,1,0
BRDA:157,6,0,0
BRDA:157,6,1,0
BRDA:159,7,0,0
BRDA:159,7,1,0
BRF:16
BRH:0
end_of_record
TN:
SF:/Users/lcharvol/Documents/Projets/redTetris/src/server/models/Piece.js
FN:13,getRandomPiece
FN:13,newPiece
FN:13,getCellColor
FN:13,setAllCellsInactive
FN:33,(anonymous_5)
FN:13,addPiece
FN:44,(anonymous_7)
FNF:7
FNH:0
FNDA:0,getRandomPiece
FNDA:0,newPiece
FNDA:0,getCellColor
FNDA:0,setAllCellsInactive
FNDA:0,(anonymous_5)
FNDA:0,addPiece
FNDA:0,(anonymous_7)
DA:1,0
DA:3,0
DA:6,0
DA:7,0
DA:8,0
DA:9,0
DA:11,0
DA:13,0
DA:15,0
DA:16,0
DA:17,0
DA:27,0
DA:30,0
DA:33,0
DA:34,0
DA:35,0
DA:37,0
DA:40,0
DA:41,0
DA:42,0
DA:44,0
DA:45,0
DA:46,0
DA:47,0
DA:48,0
DA:49,0
DA:50,0
DA:56,0
LF:28
LH:0
BRDA:34,0,0,0
BRDA:34,0,1,0
BRDA:45,1,0,0
BRDA:45,1,1,0
BRDA:48,2,0,0
BRDA:48,2,1,0
BRDA:52,3,0,0
BRDA:52,3,1,0
BRDA:53,4,0,0
BRDA:53,4,1,0
BRF:10
BRH:0
end_of_record
TN:
SF:/Users/lcharvol/Documents/Projets/redTetris/src/server/models/Player.js
FN:12,disconnect
FN:15,(anonymous_2)
FN:12,joinRoom
FNF:3
FNH:0
FNDA:0,disconnect
FNDA:0,(anonymous_2)
FNDA:0,joinRoom
DA:1,0
DA:2,0
DA:3,0
DA:5,0
DA:6,0
DA:8,0
DA:10,0
DA:12,0
DA:15,0
DA:16,0
DA:17,0
DA:18,0
DA:19,0
DA:20,0
DA:21,0
DA:22,0
DA:23,0
DA:24,0
DA:25,0
DA:26,0
DA:27,0
DA:28,0
DA:32,0
DA:35,0
DA:39,0
DA:40,0
DA:41,0
DA:42,0
DA:44,0
DA:45,0
DA:46,0
DA:47,0
DA:49,0
DA:50,0
DA:51,0
DA:54,0
DA:55,0
DA:58,0
DA:59,0
DA:60,0
DA:62,0
DA:63,0
DA:64,0
DA:65,0
DA:66,0
DA:69,0
DA:79,0
DA:80,0
DA:81,0
DA:82,0
DA:83,0
DA:87,0
DA:88,0
DA:91,0
LF:54
LH:0
BRDA:17,0,0,0
BRDA:17,0,1,0
BRDA:23,1,0,0
BRDA:23,1,1,0
BRDA:26,2,0,0
BRDA:26,2,1,0
BRDA:42,3,0,0
BRDA:42,3,1,0
BRDA:44,4,0,0
BRDA:44,4,1,0
BRDA:44,5,0,0
BRDA:44,5,1,0
BRDA:46,6,0,0
BRDA:46,6,1,0
BRDA:49,7,0,0
BRDA:49,7,1,0
BRDA:59,8,0,0
BRDA:59,8,1,0
BRDA:60,9,0,0
BRDA:60,9,1,0
BRDA:62,10,0,0
BRDA:62,10,1,0
BRDA:64,11,0,0
BRDA:64,11,1,0
BRDA:71,12,0,0
BRDA:71,12,1,0
BRDA:80,13,0,0
BRDA:80,13,1,0
BRDA:82,14,0,0
BRDA:82,14,1,0
BRF:30
BRH:0
end_of_record
TN:
SF:/Users/lcharvol/Documents/Projets/redTetris/src/server/models/utils.js
FN:7,removeToast
FN:7,(anonymous_1)
FN:9,emitToRoom
FN:11,emitToSocket
FN:13,getRandomNumber
FN:15,getRandomPiece
FNF:6
FNH:0
FNDA:0,removeToast
FNDA:0,(anonymous_1)
FNDA:0,emitToRoom
FNDA:0,emitToSocket
FNDA:0,getRandomNumber
FNDA:0,getRandomPiece
DA:1,0
DA:3,0
DA:4,0
DA:5,0
DA:7,0
DA:9,0
DA:11,0
DA:13,0
DA:15,0
LF:9
LH:0
BRF:0
BRH:0
end_of_record
